RUN	20121126184332	profilesearchsimulation	 
ACTION	Main page	1	Start of scenario	1353951813575	1353951813575	1353951813575	1353951813575	OK	 
ACTION	Main page	2	Start of scenario	1353951813578	1353951813578	1353951813578	1353951813578	OK	 
ACTION	Main page	3	Start of scenario	1353951813623	1353951813623	1353951813623	1353951813623	OK	 
ACTION	Main page	4	Start of scenario	1353951813624	1353951813624	1353951813624	1353951813624	OK	 
ACTION	Main page	5	Start of scenario	1353951813624	1353951813624	1353951813624	1353951813624	OK	 
ACTION	Main page	6	Start of scenario	1353951813674	1353951813674	1353951813674	1353951813674	OK	 
ACTION	Main page	7	Start of scenario	1353951813674	1353951813674	1353951813674	1353951813674	OK	 
ACTION	Main page	5	Dashboard	1353951813630	1353951813709	1353951813685	1353951813705	OK	 
ACTION	Main page	6	Dashboard	1353951813676	1353951813714	1353951813685	1353951813712	OK	 
ACTION	Main page	8	Start of scenario	1353951813724	1353951813724	1353951813724	1353951813724	OK	 
ACTION	Main page	10	Start of scenario	1353951813724	1353951813724	1353951813724	1353951813724	OK	 
ACTION	Main page	9	Start of scenario	1353951813724	1353951813724	1353951813724	1353951813724	OK	 
ACTION	Main page	7	Dashboard	1353951813680	1353951813726	1353951813687	1353951813726	OK	 
ACTION	Main page	8	Dashboard	1353951813738	1353951813752	1353951813739	1353951813752	OK	 
ACTION	Main page	10	Dashboard	1353951813739	1353951813752	1353951813740	1353951813752	OK	 
ACTION	Main page	9	Dashboard	1353951813741	1353951813756	1353951813742	1353951813756	OK	 
ACTION	Main page	11	Start of scenario	1353951813774	1353951813774	1353951813774	1353951813774	OK	 
ACTION	Main page	12	Start of scenario	1353951813774	1353951813774	1353951813774	1353951813774	OK	 
ACTION	Main page	11	Dashboard	1353951813775	1353951813789	1353951813776	1353951813789	OK	 
ACTION	Main page	12	Dashboard	1353951813776	1353951813790	1353951813777	1353951813790	OK	 
ACTION	Main page	14	Start of scenario	1353951813823	1353951813823	1353951813823	1353951813823	OK	 
ACTION	Main page	13	Start of scenario	1353951813823	1353951813823	1353951813823	1353951813823	OK	 
ACTION	Main page	15	Start of scenario	1353951813823	1353951813823	1353951813823	1353951813823	OK	 
ACTION	Main page	14	Dashboard	1353951813824	1353951813842	1353951813825	1353951813842	OK	 
ACTION	Main page	13	Dashboard	1353951813825	1353951813853	1353951813826	1353951813853	OK	 
ACTION	Main page	15	Dashboard	1353951813826	1353951813862	1353951813827	1353951813862	OK	 
ACTION	Main page	16	Start of scenario	1353951813874	1353951813874	1353951813874	1353951813874	OK	 
ACTION	Main page	17	Start of scenario	1353951813874	1353951813874	1353951813874	1353951813874	OK	 
ACTION	Main page	16	Dashboard	1353951813875	1353951813888	1353951813877	1353951813888	OK	 
ACTION	Main page	17	Dashboard	1353951813877	1353951813890	1353951813879	1353951813890	OK	 
ACTION	Main page	20	Start of scenario	1353951813924	1353951813924	1353951813924	1353951813924	OK	 
ACTION	Main page	19	Start of scenario	1353951813924	1353951813924	1353951813924	1353951813924	OK	 
ACTION	Main page	18	Start of scenario	1353951813924	1353951813924	1353951813924	1353951813924	OK	 
ACTION	Main page	20	Dashboard	1353951813925	1353951813942	1353951813927	1353951813942	OK	 
ACTION	Main page	19	Dashboard	1353951813927	1353951813943	1353951813929	1353951813943	OK	 
ACTION	Main page	18	Dashboard	1353951813929	1353951813956	1353951813930	1353951813956	OK	 
ACTION	Main page	22	Start of scenario	1353951813974	1353951813974	1353951813974	1353951813974	OK	 
ACTION	Main page	21	Start of scenario	1353951813975	1353951813975	1353951813975	1353951813975	OK	 
ACTION	Main page	22	Dashboard	1353951813976	1353951813991	1353951813977	1353951813990	OK	 
ACTION	Main page	21	Dashboard	1353951813978	1353951813992	1353951813979	1353951813992	OK	 
ACTION	Main page	25	Start of scenario	1353951814024	1353951814024	1353951814024	1353951814024	OK	 
ACTION	Main page	23	Start of scenario	1353951814024	1353951814024	1353951814024	1353951814024	OK	 
ACTION	Main page	24	Start of scenario	1353951814024	1353951814024	1353951814024	1353951814024	OK	 
ACTION	Main page	25	Dashboard	1353951814025	1353951814043	1353951814027	1353951814042	OK	 
ACTION	Main page	23	Dashboard	1353951814028	1353951814044	1353951814029	1353951814043	OK	 
ACTION	Main page	24	Dashboard	1353951814029	1353951814053	1353951814031	1353951814053	OK	 
ACTION	Main page	27	Start of scenario	1353951814074	1353951814074	1353951814074	1353951814074	OK	 
ACTION	Main page	26	Start of scenario	1353951814075	1353951814075	1353951814075	1353951814075	OK	 
ACTION	Main page	27	Dashboard	1353951814076	1353951814089	1353951814077	1353951814089	OK	 
ACTION	Main page	26	Dashboard	1353951814078	1353951814090	1353951814079	1353951814090	OK	 
ACTION	Main page	29	Start of scenario	1353951814123	1353951814123	1353951814123	1353951814123	OK	 
ACTION	Main page	30	Start of scenario	1353951814124	1353951814124	1353951814124	1353951814124	OK	 
ACTION	Main page	28	Start of scenario	1353951814124	1353951814124	1353951814124	1353951814124	OK	 
ACTION	Main page	29	Dashboard	1353951814124	1353951814144	1353951814125	1353951814144	OK	 
ACTION	Main page	30	Dashboard	1353951814126	1353951814144	1353951814127	1353951814144	OK	 
ACTION	Main page	28	Dashboard	1353951814127	1353951814153	1353951814128	1353951814153	OK	 
ACTION	Main page	32	Start of scenario	1353951814173	1353951814173	1353951814173	1353951814173	OK	 
ACTION	Main page	31	Start of scenario	1353951814173	1353951814173	1353951814173	1353951814173	OK	 
ACTION	Main page	32	Dashboard	1353951814174	1353951814186	1353951814175	1353951814186	OK	 
ACTION	Main page	31	Dashboard	1353951814175	1353951814189	1353951814176	1353951814189	OK	 
ACTION	Main page	34	Start of scenario	1353951814223	1353951814223	1353951814223	1353951814223	OK	 
ACTION	Main page	33	Start of scenario	1353951814223	1353951814223	1353951814223	1353951814223	OK	 
ACTION	Main page	35	Start of scenario	1353951814223	1353951814223	1353951814223	1353951814223	OK	 
ACTION	Main page	34	Dashboard	1353951814224	1353951814236	1353951814225	1353951814236	OK	 
ACTION	Main page	33	Dashboard	1353951814225	1353951814236	1353951814226	1353951814235	OK	 
ACTION	Main page	35	Dashboard	1353951814227	1353951814242	1353951814229	1353951814241	OK	 
ACTION	Main page	37	Start of scenario	1353951814273	1353951814273	1353951814273	1353951814273	OK	 
ACTION	Main page	36	Start of scenario	1353951814273	1353951814273	1353951814273	1353951814273	OK	 
ACTION	Main page	36	Dashboard	1353951814276	1353951814291	1353951814276	1353951814291	OK	 
ACTION	Main page	37	Dashboard	1353951814274	1353951814291	1353951814275	1353951814291	OK	 
ACTION	Main page	38	Start of scenario	1353951814324	1353951814324	1353951814324	1353951814324	OK	 
ACTION	Main page	39	Start of scenario	1353951814324	1353951814324	1353951814324	1353951814324	OK	 
ACTION	Main page	40	Start of scenario	1353951814324	1353951814324	1353951814324	1353951814324	OK	 
ACTION	Main page	38	Dashboard	1353951814325	1353951814343	1353951814327	1353951814343	OK	 
ACTION	Main page	39	Dashboard	1353951814327	1353951814344	1353951814329	1353951814344	OK	 
ACTION	Main page	40	Dashboard	1353951814329	1353951814354	1353951814330	1353951814353	OK	 
ACTION	Main page	42	Start of scenario	1353951814374	1353951814374	1353951814374	1353951814374	OK	 
ACTION	Main page	41	Start of scenario	1353951814375	1353951814375	1353951814375	1353951814375	OK	 
ACTION	Main page	42	Dashboard	1353951814376	1353951814390	1353951814378	1353951814389	OK	 
ACTION	Main page	41	Dashboard	1353951814378	1353951814394	1353951814380	1353951814394	OK	 
ACTION	Main page	43	Start of scenario	1353951814424	1353951814424	1353951814424	1353951814424	OK	 
ACTION	Main page	44	Start of scenario	1353951814424	1353951814424	1353951814424	1353951814424	OK	 
ACTION	Main page	45	Start of scenario	1353951814424	1353951814424	1353951814424	1353951814424	OK	 
ACTION	Main page	43	Dashboard	1353951814425	1353951814442	1353951814428	1353951814442	OK	 
ACTION	Main page	44	Dashboard	1353951814428	1353951814444	1353951814429	1353951814444	OK	 
ACTION	Main page	45	Dashboard	1353951814430	1353951814454	1353951814431	1353951814453	OK	 
ACTION	Main page	47	Start of scenario	1353951814474	1353951814474	1353951814474	1353951814474	OK	 
ACTION	Main page	46	Start of scenario	1353951814474	1353951814474	1353951814474	1353951814474	OK	 
ACTION	Main page	47	Dashboard	1353951814475	1353951814492	1353951814477	1353951814492	OK	 
ACTION	Main page	46	Dashboard	1353951814477	1353951814493	1353951814478	1353951814493	OK	 
ACTION	Main page	48	Start of scenario	1353951814524	1353951814524	1353951814524	1353951814524	OK	 
ACTION	Main page	49	Start of scenario	1353951814524	1353951814524	1353951814524	1353951814524	OK	 
ACTION	Main page	50	Start of scenario	1353951814524	1353951814524	1353951814524	1353951814524	OK	 
ACTION	Main page	48	Dashboard	1353951814525	1353951814542	1353951814527	1353951814542	OK	 
ACTION	Main page	49	Dashboard	1353951814527	1353951814542	1353951814529	1353951814542	OK	 
ACTION	Main page	50	Dashboard	1353951814529	1353951814552	1353951814530	1353951814552	OK	 
ACTION	Main page	52	Start of scenario	1353951814574	1353951814574	1353951814574	1353951814574	OK	 
ACTION	Main page	51	Start of scenario	1353951814574	1353951814574	1353951814574	1353951814574	OK	 
ACTION	Main page	52	Dashboard	1353951814575	1353951814592	1353951814577	1353951814592	OK	 
ACTION	Main page	51	Dashboard	1353951814578	1353951814593	1353951814578	1353951814593	OK	 
ACTION	Main page	54	Start of scenario	1353951814623	1353951814623	1353951814623	1353951814623	OK	 
ACTION	Main page	53	Start of scenario	1353951814624	1353951814624	1353951814624	1353951814624	OK	 
ACTION	Main page	55	Start of scenario	1353951814624	1353951814624	1353951814624	1353951814624	OK	 
ACTION	Main page	53	Dashboard	1353951814627	1353951814651	1353951814628	1353951814651	OK	 
ACTION	Main page	54	Dashboard	1353951814625	1353951814652	1353951814626	1353951814652	OK	 
ACTION	Main page	55	Dashboard	1353951814628	1353951814659	1353951814629	1353951814659	OK	 
ACTION	Main page	1	Dashboard	1353951813591	1353951814670	1353951814651	1353951814670	OK	 
ACTION	Main page	2	Dashboard	1353951813591	1353951814670	1353951814651	1353951814670	OK	 
ACTION	Main page	56	Start of scenario	1353951814674	1353951814674	1353951814674	1353951814674	OK	 
ACTION	Main page	57	Start of scenario	1353951814674	1353951814674	1353951814674	1353951814674	OK	 
ACTION	Main page	56	Dashboard	1353951814675	1353951814686	1353951814676	1353951814686	OK	 
ACTION	Main page	57	Dashboard	1353951814676	1353951814687	1353951814677	1353951814687	OK	 
ACTION	Main page	59	Start of scenario	1353951814724	1353951814724	1353951814724	1353951814724	OK	 
ACTION	Main page	60	Start of scenario	1353951814724	1353951814724	1353951814724	1353951814724	OK	 
ACTION	Main page	58	Start of scenario	1353951814725	1353951814725	1353951814725	1353951814725	OK	 
ACTION	Main page	59	Dashboard	1353951814725	1353951814744	1353951814727	1353951814744	OK	 
ACTION	Main page	60	Dashboard	1353951814727	1353951814751	1353951814728	1353951814751	OK	 
ACTION	Main page	58	Dashboard	1353951814729	1353951814751	1353951814730	1353951814751	OK	 
ACTION	Main page	4	Dashboard	1353951813628	1353951814758	1353951814747	1353951814758	OK	 
ACTION	Main page	3	Dashboard	1353951813625	1353951814759	1353951814747	1353951814758	OK	 
ACTION	Main page	61	Start of scenario	1353951814774	1353951814774	1353951814774	1353951814774	OK	 
ACTION	Main page	62	Start of scenario	1353951814774	1353951814774	1353951814774	1353951814774	OK	 
ACTION	Main page	61	Dashboard	1353951814775	1353951814787	1353951814776	1353951814787	OK	 
ACTION	Main page	62	Dashboard	1353951814777	1353951814788	1353951814778	1353951814788	OK	 
ACTION	Main page	64	Start of scenario	1353951814824	1353951814824	1353951814824	1353951814824	OK	 
ACTION	Main page	65	Start of scenario	1353951814824	1353951814824	1353951814824	1353951814824	OK	 
ACTION	Main page	63	Start of scenario	1353951814824	1353951814824	1353951814824	1353951814824	OK	 
ACTION	Main page	64	Dashboard	1353951814825	1353951814837	1353951814827	1353951814837	OK	 
ACTION	Main page	65	Dashboard	1353951814827	1353951814837	1353951814828	1353951814837	OK	 
ACTION	Main page	63	Dashboard	1353951814829	1353951814843	1353951814829	1353951814843	OK	 
ACTION	Main page	67	Start of scenario	1353951814873	1353951814873	1353951814873	1353951814873	OK	 
ACTION	Main page	66	Start of scenario	1353951814874	1353951814874	1353951814874	1353951814874	OK	 
ACTION	Main page	67	Dashboard	1353951814875	1353951814887	1353951814876	1353951814887	OK	 
ACTION	Main page	66	Dashboard	1353951814877	1353951814888	1353951814878	1353951814888	OK	 
ACTION	Main page	68	Start of scenario	1353951814923	1353951814923	1353951814923	1353951814923	OK	 
ACTION	Main page	69	Start of scenario	1353951814924	1353951814924	1353951814924	1353951814924	OK	 
ACTION	Main page	70	Start of scenario	1353951814924	1353951814924	1353951814924	1353951814924	OK	 
ACTION	Main page	68	Dashboard	1353951814924	1353951814939	1353951814925	1353951814939	OK	 
ACTION	Main page	69	Dashboard	1353951814926	1353951814940	1353951814927	1353951814940	OK	 
ACTION	Main page	70	Dashboard	1353951814927	1353951814954	1353951814928	1353951814954	OK	 
ACTION	Main page	72	Start of scenario	1353951814974	1353951814974	1353951814974	1353951814974	OK	 
ACTION	Main page	71	Start of scenario	1353951814974	1353951814974	1353951814974	1353951814974	OK	 
ACTION	Main page	71	Dashboard	1353951814977	1353951814993	1353951814978	1353951814992	OK	 
ACTION	Main page	72	Dashboard	1353951814975	1353951814992	1353951814976	1353951814992	OK	 
ACTION	Main page	74	Start of scenario	1353951815024	1353951815024	1353951815024	1353951815024	OK	 
ACTION	Main page	73	Start of scenario	1353951815024	1353951815024	1353951815024	1353951815024	OK	 
ACTION	Main page	75	Start of scenario	1353951815025	1353951815025	1353951815025	1353951815025	OK	 
ACTION	Main page	74	Dashboard	1353951815026	1353951815043	1353951815027	1353951815042	OK	 
ACTION	Main page	73	Dashboard	1353951815027	1353951815043	1353951815028	1353951815043	OK	 
ACTION	Main page	75	Dashboard	1353951815029	1353951815053	1353951815030	1353951815053	OK	 
ACTION	Main page	77	Start of scenario	1353951815074	1353951815074	1353951815074	1353951815074	OK	 
ACTION	Main page	76	Start of scenario	1353951815074	1353951815074	1353951815074	1353951815074	OK	 
ACTION	Main page	77	Dashboard	1353951815075	1353951815087	1353951815076	1353951815087	OK	 
ACTION	Main page	76	Dashboard	1353951815077	1353951815088	1353951815078	1353951815088	OK	 
ACTION	Main page	79	Start of scenario	1353951815124	1353951815124	1353951815124	1353951815124	OK	 
ACTION	Main page	80	Start of scenario	1353951815124	1353951815124	1353951815124	1353951815124	OK	 
ACTION	Main page	78	Start of scenario	1353951815125	1353951815125	1353951815125	1353951815125	OK	 
ACTION	Main page	79	Dashboard	1353951815125	1353951815143	1353951815127	1353951815143	OK	 
ACTION	Main page	80	Dashboard	1353951815127	1353951815144	1353951815128	1353951815144	OK	 
ACTION	Main page	78	Dashboard	1353951815129	1353951815153	1353951815130	1353951815153	OK	 
ACTION	Main page	81	Start of scenario	1353951815172	1353951815172	1353951815172	1353951815172	OK	 
ACTION	Main page	82	Start of scenario	1353951815173	1353951815173	1353951815173	1353951815173	OK	 
ACTION	Main page	82	Dashboard	1353951815174	1353951815191	1353951815174	1353951815190	OK	 
ACTION	Main page	81	Dashboard	1353951815173	1353951815194	1353951815174	1353951815194	OK	 
ACTION	Main page	83	Start of scenario	1353951815223	1353951815223	1353951815223	1353951815223	OK	 
ACTION	Main page	84	Start of scenario	1353951815224	1353951815224	1353951815224	1353951815224	OK	 
ACTION	Main page	85	Start of scenario	1353951815224	1353951815224	1353951815224	1353951815224	OK	 
ACTION	Main page	83	Dashboard	1353951815224	1353951815242	1353951815225	1353951815242	OK	 
ACTION	Main page	85	Dashboard	1353951815227	1353951815267	1353951815228	1353951815267	OK	 
ACTION	Main page	84	Dashboard	1353951815226	1353951815267	1353951815227	1353951815267	OK	 
ACTION	Main page	86	Start of scenario	1353951815274	1353951815274	1353951815274	1353951815274	OK	 
ACTION	Main page	87	Start of scenario	1353951815274	1353951815274	1353951815274	1353951815274	OK	 
ACTION	Main page	86	Dashboard	1353951815275	1353951815288	1353951815276	1353951815288	OK	 
ACTION	Main page	87	Dashboard	1353951815277	1353951815288	1353951815278	1353951815288	OK	 
ACTION	Main page	90	Start of scenario	1353951815324	1353951815324	1353951815324	1353951815324	OK	 
ACTION	Main page	89	Start of scenario	1353951815324	1353951815324	1353951815324	1353951815324	OK	 
ACTION	Main page	88	Start of scenario	1353951815325	1353951815325	1353951815325	1353951815325	OK	 
ACTION	Main page	89	Dashboard	1353951815328	1353951815342	1353951815328	1353951815342	OK	 
ACTION	Main page	90	Dashboard	1353951815326	1353951815343	1353951815327	1353951815343	OK	 
ACTION	Main page	88	Dashboard	1353951815329	1353951815353	1353951815330	1353951815353	OK	 
ACTION	Main page	92	Start of scenario	1353951815374	1353951815374	1353951815374	1353951815374	OK	 
ACTION	Main page	91	Start of scenario	1353951815374	1353951815374	1353951815374	1353951815374	OK	 
ACTION	Main page	92	Dashboard	1353951815375	1353951815389	1353951815376	1353951815389	OK	 
ACTION	Main page	91	Dashboard	1353951815377	1353951815390	1353951815377	1353951815390	OK	 
ACTION	Main page	93	Start of scenario	1353951815424	1353951815424	1353951815424	1353951815424	OK	 
ACTION	Main page	94	Start of scenario	1353951815424	1353951815424	1353951815424	1353951815424	OK	 
ACTION	Main page	95	Start of scenario	1353951815424	1353951815424	1353951815424	1353951815424	OK	 
ACTION	Main page	93	Dashboard	1353951815425	1353951815442	1353951815426	1353951815442	OK	 
ACTION	Main page	94	Dashboard	1353951815427	1353951815442	1353951815428	1353951815442	OK	 
ACTION	Main page	95	Dashboard	1353951815429	1353951815452	1353951815430	1353951815452	OK	 
ACTION	Main page	96	Start of scenario	1353951815474	1353951815474	1353951815474	1353951815474	OK	 
ACTION	Main page	97	Start of scenario	1353951815474	1353951815474	1353951815474	1353951815474	OK	 
ACTION	Main page	96	Dashboard	1353951815475	1353951815492	1353951815476	1353951815491	OK	 
ACTION	Main page	97	Dashboard	1353951815477	1353951815492	1353951815477	1353951815492	OK	 
ACTION	Main page	100	Start of scenario	1353951815523	1353951815523	1353951815523	1353951815523	OK	 
ACTION	Main page	98	Start of scenario	1353951815524	1353951815524	1353951815524	1353951815524	OK	 
ACTION	Main page	99	Start of scenario	1353951815524	1353951815524	1353951815524	1353951815524	OK	 
ACTION	Main page	98	Dashboard	1353951815526	1353951815542	1353951815527	1353951815541	OK	 
ACTION	Main page	100	Dashboard	1353951815525	1353951815542	1353951815526	1353951815541	OK	 
ACTION	Main page	99	Dashboard	1353951815528	1353951815553	1353951815529	1353951815552	OK	 
ACTION	Main page	102	Start of scenario	1353951815574	1353951815574	1353951815574	1353951815574	OK	 
ACTION	Main page	101	Start of scenario	1353951815574	1353951815574	1353951815574	1353951815574	OK	 
ACTION	Main page	102	Dashboard	1353951815575	1353951815591	1353951815577	1353951815590	OK	 
ACTION	Main page	101	Dashboard	1353951815577	1353951815594	1353951815578	1353951815593	OK	 
ACTION	Main page	105	Start of scenario	1353951815624	1353951815624	1353951815624	1353951815624	OK	 
ACTION	Main page	104	Start of scenario	1353951815624	1353951815624	1353951815624	1353951815624	OK	 
ACTION	Main page	103	Start of scenario	1353951815625	1353951815625	1353951815625	1353951815625	OK	 
ACTION	Main page	105	Dashboard	1353951815625	1353951815639	1353951815627	1353951815639	OK	 
ACTION	Main page	104	Dashboard	1353951815627	1353951815640	1353951815628	1353951815640	OK	 
ACTION	Main page	103	Dashboard	1353951815629	1353951815649	1353951815630	1353951815649	OK	 
ACTION	Main page	106	Start of scenario	1353951815674	1353951815674	1353951815674	1353951815674	OK	 
ACTION	Main page	107	Start of scenario	1353951815674	1353951815674	1353951815674	1353951815674	OK	 
ACTION	Main page	106	Dashboard	1353951815675	1353951815691	1353951815676	1353951815691	OK	 
ACTION	Main page	107	Dashboard	1353951815677	1353951815692	1353951815677	1353951815692	OK	 
ACTION	Main page	110	Start of scenario	1353951815724	1353951815724	1353951815724	1353951815724	OK	 
ACTION	Main page	108	Start of scenario	1353951815724	1353951815724	1353951815724	1353951815724	OK	 
ACTION	Main page	109	Start of scenario	1353951815725	1353951815725	1353951815725	1353951815725	OK	 
ACTION	Main page	110	Dashboard	1353951815725	1353951815742	1353951815726	1353951815742	OK	 
ACTION	Main page	108	Dashboard	1353951815727	1353951815756	1353951815728	1353951815755	OK	 
ACTION	Main page	109	Dashboard	1353951815728	1353951815767	1353951815729	1353951815767	OK	 
ACTION	Main page	112	Start of scenario	1353951815773	1353951815773	1353951815773	1353951815773	OK	 
ACTION	Main page	111	Start of scenario	1353951815774	1353951815774	1353951815774	1353951815774	OK	 
ACTION	Main page	112	Dashboard	1353951815774	1353951815786	1353951815775	1353951815785	OK	 
ACTION	Main page	111	Dashboard	1353951815776	1353951815786	1353951815777	1353951815786	OK	 
ACTION	Main page	115	Start of scenario	1353951815823	1353951815823	1353951815823	1353951815823	OK	 
ACTION	Main page	113	Start of scenario	1353951815823	1353951815823	1353951815823	1353951815823	OK	 
ACTION	Main page	114	Start of scenario	1353951815823	1353951815823	1353951815823	1353951815823	OK	 
ACTION	Main page	115	Dashboard	1353951815824	1353951815837	1353951815825	1353951815837	OK	 
ACTION	Main page	113	Dashboard	1353951815826	1353951815839	1353951815827	1353951815839	OK	 
ACTION	Main page	114	Dashboard	1353951815827	1353951815845	1353951815828	1353951815845	OK	 
ACTION	Main page	117	Start of scenario	1353951815874	1353951815874	1353951815874	1353951815874	OK	 
ACTION	Main page	116	Start of scenario	1353951815875	1353951815875	1353951815875	1353951815875	OK	 
ACTION	Main page	117	Dashboard	1353951815875	1353951815889	1353951815877	1353951815889	OK	 
ACTION	Main page	116	Dashboard	1353951815877	1353951815889	1353951815878	1353951815889	OK	 
ACTION	Main page	118	Start of scenario	1353951815924	1353951815924	1353951815924	1353951815924	OK	 
ACTION	Main page	120	Start of scenario	1353951815924	1353951815924	1353951815924	1353951815924	OK	 
ACTION	Main page	119	Start of scenario	1353951815924	1353951815924	1353951815924	1353951815924	OK	 
ACTION	Main page	118	Dashboard	1353951815925	1353951815942	1353951815926	1353951815942	OK	 
ACTION	Main page	120	Dashboard	1353951815927	1353951815943	1353951815928	1353951815943	OK	 
ACTION	Main page	119	Dashboard	1353951815928	1353951815953	1353951815929	1353951815953	OK	 
ACTION	Main page	121	Start of scenario	1353951815974	1353951815974	1353951815974	1353951815974	OK	 
ACTION	Main page	122	Start of scenario	1353951815974	1353951815974	1353951815974	1353951815974	OK	 
ACTION	Main page	121	Dashboard	1353951815975	1353951815992	1353951815977	1353951815991	OK	 
ACTION	Main page	122	Dashboard	1353951815977	1353951815992	1353951815978	1353951815992	OK	 
ACTION	Main page	123	Start of scenario	1353951816024	1353951816024	1353951816024	1353951816024	OK	 
ACTION	Main page	124	Start of scenario	1353951816024	1353951816024	1353951816024	1353951816024	OK	 
ACTION	Main page	125	Start of scenario	1353951816025	1353951816025	1353951816025	1353951816025	OK	 
ACTION	Main page	123	Dashboard	1353951816025	1353951816042	1353951816026	1353951816042	OK	 
ACTION	Main page	124	Dashboard	1353951816027	1353951816044	1353951816028	1353951816044	OK	 
ACTION	Main page	125	Dashboard	1353951816028	1353951816053	1353951816029	1353951816053	OK	 
ACTION	Main page	127	Start of scenario	1353951816074	1353951816074	1353951816074	1353951816074	OK	 
ACTION	Main page	126	Start of scenario	1353951816074	1353951816074	1353951816074	1353951816074	OK	 
ACTION	Main page	127	Dashboard	1353951816075	1353951816091	1353951816076	1353951816091	OK	 
ACTION	Main page	126	Dashboard	1353951816077	1353951816092	1353951816077	1353951816092	OK	 
ACTION	Main page	130	Start of scenario	1353951816124	1353951816124	1353951816124	1353951816124	OK	 
ACTION	Main page	128	Start of scenario	1353951816124	1353951816124	1353951816124	1353951816124	OK	 
ACTION	Main page	129	Start of scenario	1353951816124	1353951816124	1353951816124	1353951816124	OK	 
ACTION	Main page	128	Dashboard	1353951816127	1353951816146	1353951816128	1353951816145	OK	 
ACTION	Main page	130	Dashboard	1353951816125	1353951816145	1353951816127	1353951816145	OK	 
ACTION	Main page	129	Dashboard	1353951816128	1353951816156	1353951816129	1353951816156	OK	 
ACTION	Main page	132	Start of scenario	1353951816174	1353951816174	1353951816174	1353951816174	OK	 
ACTION	Main page	131	Start of scenario	1353951816175	1353951816175	1353951816175	1353951816175	OK	 
ACTION	Main page	132	Dashboard	1353951816176	1353951816188	1353951816177	1353951816188	OK	 
ACTION	Main page	131	Dashboard	1353951816177	1353951816189	1353951816178	1353951816189	OK	 
ACTION	Main page	135	Start of scenario	1353951816224	1353951816224	1353951816224	1353951816224	OK	 
ACTION	Main page	133	Start of scenario	1353951816224	1353951816224	1353951816224	1353951816224	OK	 
ACTION	Main page	134	Start of scenario	1353951816224	1353951816224	1353951816224	1353951816224	OK	 
ACTION	Main page	135	Dashboard	1353951816225	1353951816242	1353951816226	1353951816242	OK	 
ACTION	Main page	133	Dashboard	1353951816227	1353951816259	1353951816228	1353951816259	OK	 
ACTION	Main page	134	Dashboard	1353951816229	1353951816259	1353951816230	1353951816259	OK	 
ACTION	Main page	136	Start of scenario	1353951816274	1353951816274	1353951816274	1353951816274	OK	 
ACTION	Main page	137	Start of scenario	1353951816274	1353951816274	1353951816274	1353951816274	OK	 
ACTION	Main page	136	Dashboard	1353951816275	1353951816288	1353951816277	1353951816288	OK	 
ACTION	Main page	137	Dashboard	1353951816277	1353951816288	1353951816278	1353951816288	OK	 
ACTION	Main page	139	Start of scenario	1353951816323	1353951816323	1353951816323	1353951816323	OK	 
ACTION	Main page	140	Start of scenario	1353951816324	1353951816324	1353951816324	1353951816324	OK	 
ACTION	Main page	138	Start of scenario	1353951816324	1353951816324	1353951816324	1353951816324	OK	 
ACTION	Main page	140	Dashboard	1353951816326	1353951816340	1353951816327	1353951816340	OK	 
ACTION	Main page	139	Dashboard	1353951816324	1353951816340	1353951816326	1353951816340	OK	 
ACTION	Main page	138	Dashboard	1353951816328	1353951816351	1353951816329	1353951816351	OK	 
ACTION	Main page	141	Start of scenario	1353951816374	1353951816374	1353951816374	1353951816374	OK	 
ACTION	Main page	142	Start of scenario	1353951816374	1353951816374	1353951816374	1353951816374	OK	 
ACTION	Main page	141	Dashboard	1353951816375	1353951816392	1353951816376	1353951816392	OK	 
ACTION	Main page	142	Dashboard	1353951816377	1353951816392	1353951816377	1353951816392	OK	 
ACTION	Main page	144	Start of scenario	1353951816424	1353951816424	1353951816424	1353951816424	OK	 
ACTION	Main page	145	Start of scenario	1353951816424	1353951816424	1353951816424	1353951816424	OK	 
ACTION	Main page	143	Start of scenario	1353951816425	1353951816425	1353951816425	1353951816425	OK	 
ACTION	Main page	145	Dashboard	1353951816427	1353951816443	1353951816428	1353951816443	OK	 
ACTION	Main page	144	Dashboard	1353951816425	1353951816443	1353951816427	1353951816443	OK	 
ACTION	Main page	143	Dashboard	1353951816428	1353951816453	1353951816429	1353951816453	OK	 
ACTION	Main page	146	Start of scenario	1353951816473	1353951816473	1353951816473	1353951816473	OK	 
ACTION	Main page	147	Start of scenario	1353951816473	1353951816473	1353951816473	1353951816473	OK	 
ACTION	Main page	146	Dashboard	1353951816474	1353951816488	1353951816475	1353951816488	OK	 
ACTION	Main page	147	Dashboard	1353951816476	1353951816489	1353951816477	1353951816489	OK	 
ACTION	Main page	149	Start of scenario	1353951816524	1353951816524	1353951816524	1353951816524	OK	 
ACTION	Main page	148	Start of scenario	1353951816524	1353951816524	1353951816524	1353951816524	OK	 
ACTION	Main page	150	Start of scenario	1353951816525	1353951816525	1353951816525	1353951816525	OK	 
ACTION	Main page	149	Dashboard	1353951816525	1353951816542	1353951816527	1353951816542	OK	 
ACTION	Main page	148	Dashboard	1353951816527	1353951816544	1353951816528	1353951816544	OK	 
ACTION	Main page	150	Dashboard	1353951816529	1353951816554	1353951816529	1353951816553	OK	 
ACTION	Main page	151	Start of scenario	1353951816574	1353951816574	1353951816574	1353951816574	OK	 
ACTION	Main page	152	Start of scenario	1353951816574	1353951816574	1353951816574	1353951816574	OK	 
ACTION	Main page	151	Dashboard	1353951816575	1353951816588	1353951816575	1353951816587	OK	 
ACTION	Main page	152	Dashboard	1353951816576	1353951816589	1353951816577	1353951816589	OK	 
ACTION	Main page	154	Start of scenario	1353951816624	1353951816624	1353951816624	1353951816624	OK	 
ACTION	Main page	153	Start of scenario	1353951816624	1353951816624	1353951816624	1353951816624	OK	 
ACTION	Main page	155	Start of scenario	1353951816624	1353951816624	1353951816624	1353951816624	OK	 
ACTION	Main page	154	Dashboard	1353951816625	1353951816644	1353951816626	1353951816644	OK	 
ACTION	Main page	153	Dashboard	1353951816627	1353951816644	1353951816628	1353951816644	OK	 
ACTION	Main page	155	Dashboard	1353951816629	1353951816653	1353951816630	1353951816653	OK	 
ACTION	Main page	157	Start of scenario	1353951816673	1353951816673	1353951816673	1353951816673	OK	 
ACTION	Main page	156	Start of scenario	1353951816674	1353951816674	1353951816674	1353951816674	OK	 
ACTION	Main page	157	Dashboard	1353951816675	1353951816688	1353951816676	1353951816688	OK	 
ACTION	Main page	156	Dashboard	1353951816676	1353951816688	1353951816677	1353951816688	OK	 
ACTION	Main page	158	Start of scenario	1353951816724	1353951816724	1353951816724	1353951816724	OK	 
ACTION	Main page	159	Start of scenario	1353951816725	1353951816725	1353951816725	1353951816725	OK	 
ACTION	Main page	158	Dashboard	1353951816725	1353951816747	1353951816727	1353951816747	OK	 
ACTION	Main page	159	Dashboard	1353951816727	1353951816772	1353951816728	1353951816771	OK	 
ACTION	Main page	161	Start of scenario	1353951816773	1353951816773	1353951816773	1353951816773	OK	 
ACTION	Main page	160	Start of scenario	1353951816773	1353951816773	1353951816773	1353951816773	OK	 
ACTION	Main page	162	Start of scenario	1353951816774	1353951816774	1353951816774	1353951816774	OK	 
ACTION	Main page	161	Dashboard	1353951816774	1353951816792	1353951816775	1353951816792	OK	 
ACTION	Main page	165	Start of scenario	1353951816857	1353951816857	1353951816857	1353951816857	OK	 
ACTION	Main page	164	Start of scenario	1353951816858	1353951816858	1353951816858	1353951816858	OK	 
ACTION	Main page	163	Start of scenario	1353951816858	1353951816858	1353951816858	1353951816858	OK	 
ACTION	Main page	7	Profile 1	1353951816774	1353951816810	1353951816775	1353951816798	KO	Check 'in' failed, found 500 but expected Range(200, 201, 202, 203, 204, 205, 206, 207, 208, 209, 210)
ACTION	Main page	162	Dashboard	1353951816777	1353951816861	1353951816778	1353951816861	OK	 
ACTION	Main page	160	Dashboard	1353951816776	1353951816862	1353951816777	1353951816862	OK	 
ACTION	Main page	6	Profile 1	1353951816726	1353951816859	1353951816728	1353951816811	KO	Check 'in' failed, found 500 but expected Range(200, 201, 202, 203, 204, 205, 206, 207, 208, 209, 210)
ACTION	Main page	8	Profile 1	1353951816779	1353951816863	1353951816782	1353951816862	KO	Check 'in' failed, found 500 but expected Range(200, 201, 202, 203, 204, 205, 206, 207, 208, 209, 210)
ACTION	Main page	9	Profile 1	1353951816776	1353951816862	1353951816777	1353951816862	KO	Check 'in' failed, found 500 but expected Range(200, 201, 202, 203, 204, 205, 206, 207, 208, 209, 210)
ACTION	Main page	10	Profile 1	1353951816778	1353951816868	1353951816782	1353951816857	KO	Check 'in' failed, found 500 but expected Range(200, 201, 202, 203, 204, 205, 206, 207, 208, 209, 210)
ACTION	Main page	5	Profile 1	1353951816728	1353951816873	1353951816729	1353951816860	KO	Check 'in' failed, found 500 but expected Range(200, 201, 202, 203, 204, 205, 206, 207, 208, 209, 210)
ACTION	Main page	167	Start of scenario	1353951816874	1353951816874	1353951816874	1353951816874	OK	 
ACTION	Main page	166	Start of scenario	1353951816874	1353951816874	1353951816874	1353951816874	OK	 
ACTION	Main page	165	Dashboard	1353951816860	1353951816874	1353951816861	1353951816874	OK	 
ACTION	Main page	163	Dashboard	1353951816863	1353951816916	1353951816864	1353951816916	OK	 
ACTION	Main page	164	Dashboard	1353951816863	1353951816917	1353951816866	1353951816917	OK	 
ACTION	Main page	13	Profile 1	1353951816863	1353951816919	1353951816864	1353951816919	KO	Check 'in' failed, found 500 but expected Range(200, 201, 202, 203, 204, 205, 206, 207, 208, 209, 210)
ACTION	Main page	11	Profile 1	1353951816863	1353951816921	1353951816866	1353951816915	KO	Check 'in' failed, found 500 but expected Range(200, 201, 202, 203, 204, 205, 206, 207, 208, 209, 210)
ACTION	Main page	167	Dashboard	1353951816875	1353951816920	1353951816876	1353951816920	OK	 
ACTION	Main page	168	Start of scenario	1353951816923	1353951816923	1353951816923	1353951816923	OK	 
ACTION	Main page	169	Start of scenario	1353951816924	1353951816924	1353951816924	1353951816924	OK	 
ACTION	Main page	14	Profile 1	1353951816864	1353951816923	1353951816871	1353951816923	KO	Check 'in' failed, found 500 but expected Range(200, 201, 202, 203, 204, 205, 206, 207, 208, 209, 210)
ACTION	Main page	12	Profile 1	1353951816871	1353951816921	1353951816871	1353951816918	KO	Check 'in' failed, found 500 but expected Range(200, 201, 202, 203, 204, 205, 206, 207, 208, 209, 210)
ACTION	Main page	166	Dashboard	1353951816876	1353951816936	1353951816917	1353951816936	OK	 
ACTION	Main page	17	Profile 1	1353951816926	1353951816961	1353951816926	1353951816950	KO	Check 'in' failed, found 500 but expected Range(200, 201, 202, 203, 204, 205, 206, 207, 208, 209, 210)
ACTION	Main page	15	Profile 1	1353951816876	1353951816969	1353951816917	1353951816965	KO	Check 'in' failed, found 500 but expected Range(200, 201, 202, 203, 204, 205, 206, 207, 208, 209, 210)
ACTION	Main page	168	Dashboard	1353951816926	1353951816970	1353951816927	1353951816970	OK	 
ACTION	Main page	170	Start of scenario	1353951816974	1353951816974	1353951816974	1353951816974	OK	 
ACTION	Main page	172	Start of scenario	1353951816974	1353951816974	1353951816974	1353951816974	OK	 
ACTION	Main page	171	Start of scenario	1353951816974	1353951816974	1353951816974	1353951816974	OK	 
ACTION	Main page	16	Profile 1	1353951816926	1353951816980	1353951816927	1353951816972	KO	Check 'in' failed, found 500 but expected Range(200, 201, 202, 203, 204, 205, 206, 207, 208, 209, 210)
ACTION	Main page	169	Dashboard	1353951816926	1353951816980	1353951816927	1353951816980	OK	 
ACTION	Main page	170	Dashboard	1353951816975	1353951816992	1353951816977	1353951816992	OK	 
ACTION	Main page	171	Dashboard	1353951816978	1353951817001	1353951816979	1353951817001	OK	 
ACTION	Main page	172	Dashboard	1353951816977	1353951817005	1353951816979	1353951817004	OK	 
ACTION	Main page	174	Start of scenario	1353951817024	1353951817024	1353951817024	1353951817024	OK	 
ACTION	Main page	175	Start of scenario	1353951817024	1353951817024	1353951817024	1353951817024	OK	 
ACTION	Main page	173	Start of scenario	1353951817024	1353951817024	1353951817024	1353951817024	OK	 
ACTION	Main page	18	Profile 1	1353951816977	1353951817029	1353951816980	1353951817017	KO	Check 'in' failed, found 500 but expected Range(200, 201, 202, 203, 204, 205, 206, 207, 208, 209, 210)
ACTION	Main page	20	Profile 1	1353951816978	1353951817036	1353951816979	1353951817031	KO	Check 'in' failed, found 500 but expected Range(200, 201, 202, 203, 204, 205, 206, 207, 208, 209, 210)
ACTION	Main page	19	Profile 1	1353951816977	1353951817043	1353951816977	1353951817037	KO	Check 'in' failed, found 500 but expected Range(200, 201, 202, 203, 204, 205, 206, 207, 208, 209, 210)
ACTION	Main page	174	Dashboard	1353951817025	1353951817052	1353951817026	1353951817052	OK	 
ACTION	Main page	22	Profile 1	1353951817024	1353951817071	1353951817027	1353951817063	KO	Check 'in' failed, found 500 but expected Range(200, 201, 202, 203, 204, 205, 206, 207, 208, 209, 210)
ACTION	Main page	177	Start of scenario	1353951817073	1353951817073	1353951817073	1353951817073	OK	 
ACTION	Main page	176	Start of scenario	1353951817073	1353951817073	1353951817073	1353951817073	OK	 
ACTION	Main page	21	Profile 1	1353951817026	1353951817076	1353951817027	1353951817072	KO	Check 'in' failed, found 500 but expected Range(200, 201, 202, 203, 204, 205, 206, 207, 208, 209, 210)
ACTION	Main page	175	Dashboard	1353951817026	1353951817078	1353951817027	1353951817078	OK	 
ACTION	Main page	173	Dashboard	1353951817027	1353951817079	1353951817028	1353951817078	OK	 
ACTION	Main page	177	Dashboard	1353951817074	1353951817091	1353951817075	1353951817091	OK	 
ACTION	Main page	176	Dashboard	1353951817075	1353951817106	1353951817076	1353951817106	OK	 
ACTION	Main page	24	Profile 1	1353951817074	1353951817121	1353951817075	1353951817110	KO	Check 'in' failed, found 500 but expected Range(200, 201, 202, 203, 204, 205, 206, 207, 208, 209, 210)
ACTION	Main page	178	Start of scenario	1353951817123	1353951817123	1353951817123	1353951817123	OK	 
ACTION	Main page	179	Start of scenario	1353951817124	1353951817124	1353951817124	1353951817124	OK	 
ACTION	Main page	23	Profile 1	1353951817075	1353951817127	1353951817076	1353951817122	KO	Check 'in' failed, found 500 but expected Range(200, 201, 202, 203, 204, 205, 206, 207, 208, 209, 210)
ACTION	Main page	25	Profile 1	1353951817076	1353951817132	1353951817077	1353951817129	KO	Check 'in' failed, found 500 but expected Range(200, 201, 202, 203, 204, 205, 206, 207, 208, 209, 210)
ACTION	Main page	178	Dashboard	1353951817124	1353951817145	1353951817125	1353951817145	OK	 
ACTION	Main page	26	Profile 1	1353951817124	1353951817160	1353951817125	1353951817154	KO	Check 'in' failed, found 500 but expected Range(200, 201, 202, 203, 204, 205, 206, 207, 208, 209, 210)
ACTION	Main page	179	Dashboard	1353951817128	1353951817167	1353951817128	1353951817167	OK	 
ACTION	Main page	27	Profile 1	1353951817127	1353951817173	1353951817127	1353951817168	KO	Check 'in' failed, found 500 but expected Range(200, 201, 202, 203, 204, 205, 206, 207, 208, 209, 210)
ACTION	Main page	181	Start of scenario	1353951817174	1353951817174	1353951817174	1353951817174	OK	 
ACTION	Main page	180	Start of scenario	1353951817174	1353951817174	1353951817174	1353951817174	OK	 
ACTION	Main page	182	Start of scenario	1353951817174	1353951817174	1353951817174	1353951817174	OK	 
ACTION	Main page	181	Dashboard	1353951817175	1353951817189	1353951817175	1353951817189	OK	 
ACTION	Main page	29	Profile 1	1353951817175	1353951817199	1353951817176	1353951817193	KO	Check 'in' failed, found 500 but expected Range(200, 201, 202, 203, 204, 205, 206, 207, 208, 209, 210)
ACTION	Main page	182	Dashboard	1353951817177	1353951817201	1353951817177	1353951817201	OK	 
ACTION	Main page	180	Dashboard	1353951817176	1353951817201	1353951817177	1353951817201	OK	 
ACTION	Main page	183	Start of scenario	1353951817224	1353951817224	1353951817224	1353951817224	OK	 
ACTION	Main page	184	Start of scenario	1353951817224	1353951817224	1353951817224	1353951817224	OK	 
ACTION	Main page	28	Profile 1	1353951817177	1353951817230	1353951817177	1353951817221	KO	Check 'in' failed, found 500 but expected Range(200, 201, 202, 203, 204, 205, 206, 207, 208, 209, 210)
ACTION	Main page	30	Profile 1	1353951817176	1353951817232	1353951817176	1353951817218	KO	Check 'in' failed, found 500 but expected Range(200, 201, 202, 203, 204, 205, 206, 207, 208, 209, 210)
ACTION	Main page	31	Profile 1	1353951817225	1353951817263	1353951817225	1353951817255	KO	Check 'in' failed, found 500 but expected Range(200, 201, 202, 203, 204, 205, 206, 207, 208, 209, 210)
ACTION	Main page	183	Dashboard	1353951817225	1353951817270	1353951817225	1353951817270	OK	 
ACTION	Main page	186	Start of scenario	1353951817272	1353951817272	1353951817272	1353951817272	OK	 
ACTION	Main page	185	Start of scenario	1353951817273	1353951817273	1353951817273	1353951817273	OK	 
ACTION	Main page	187	Start of scenario	1353951817273	1353951817273	1353951817273	1353951817273	OK	 
ACTION	Main page	32	Profile 1	1353951817226	1353951817276	1353951817226	1353951817270	KO	Check 'in' failed, found 500 but expected Range(200, 201, 202, 203, 204, 205, 206, 207, 208, 209, 210)
ACTION	Main page	184	Dashboard	1353951817226	1353951817281	1353951817226	1353951817281	OK	 
ACTION	Main page	186	Dashboard	1353951817273	1353951817300	1353951817274	1353951817300	OK	 
ACTION	Main page	34	Profile 1	1353951817273	1353951817305	1353951817275	1353951817300	KO	Check 'in' failed, found 500 but expected Range(200, 201, 202, 203, 204, 205, 206, 207, 208, 209, 210)
ACTION	Main page	187	Dashboard	1353951817276	1353951817309	1353951817276	1353951817309	OK	 
ACTION	Main page	35	Profile 1	1353951817274	1353951817319	1353951817275	1353951817314	KO	Check 'in' failed, found 500 but expected Range(200, 201, 202, 203, 204, 205, 206, 207, 208, 209, 210)
ACTION	Main page	185	Dashboard	1353951817274	1353951817320	1353951817275	1353951817320	OK	 
ACTION	Main page	189	Start of scenario	1353951817324	1353951817324	1353951817324	1353951817324	OK	 
ACTION	Main page	188	Start of scenario	1353951817324	1353951817324	1353951817324	1353951817324	OK	 
ACTION	Main page	33	Profile 1	1353951817275	1353951817328	1353951817276	1353951817324	KO	Check 'in' failed, found 500 but expected Range(200, 201, 202, 203, 204, 205, 206, 207, 208, 209, 210)
ACTION	Main page	189	Dashboard	1353951817325	1353951817346	1353951817325	1353951817345	OK	 
ACTION	Main page	37	Profile 1	1353951817325	1353951817365	1353951817325	1353951817354	KO	Check 'in' failed, found 500 but expected Range(200, 201, 202, 203, 204, 205, 206, 207, 208, 209, 210)
ACTION	Main page	188	Dashboard	1353951817326	1353951817367	1353951817326	1353951817367	OK	 
ACTION	Main page	36	Profile 1	1353951817326	1353951817373	1353951817326	1353951817367	KO	Check 'in' failed, found 500 but expected Range(200, 201, 202, 203, 204, 205, 206, 207, 208, 209, 210)
ACTION	Main page	191	Start of scenario	1353951817374	1353951817374	1353951817374	1353951817374	OK	 
ACTION	Main page	190	Start of scenario	1353951817374	1353951817374	1353951817374	1353951817374	OK	 
ACTION	Main page	192	Start of scenario	1353951817374	1353951817374	1353951817374	1353951817374	OK	 
ACTION	Main page	191	Dashboard	1353951817374	1353951817392	1353951817375	1353951817392	OK	 
ACTION	Main page	40	Profile 1	1353951817374	1353951817406	1353951817375	1353951817402	KO	Check 'in' failed, found 500 but expected Range(200, 201, 202, 203, 204, 205, 206, 207, 208, 209, 210)
ACTION	Main page	190	Dashboard	1353951817377	1353951817407	1353951817378	1353951817407	OK	 
ACTION	Main page	192	Dashboard	1353951817378	1353951817409	1353951817378	1353951817409	OK	 
ACTION	Main page	39	Profile 1	1353951817378	1353951817419	1353951817379	1353951817413	KO	Check 'in' failed, found 500 but expected Range(200, 201, 202, 203, 204, 205, 206, 207, 208, 209, 210)
ACTION	Main page	193	Start of scenario	1353951817423	1353951817423	1353951817423	1353951817423	OK	 
ACTION	Main page	194	Start of scenario	1353951817423	1353951817423	1353951817423	1353951817423	OK	 
ACTION	Main page	38	Profile 1	1353951817377	1353951817429	1353951817378	1353951817424	KO	Check 'in' failed, found 500 but expected Range(200, 201, 202, 203, 204, 205, 206, 207, 208, 209, 210)
ACTION	Main page	193	Dashboard	1353951817424	1353951817440	1353951817425	1353951817440	OK	 
ACTION	Main page	41	Profile 1	1353951817425	1353951817451	1353951817425	1353951817446	KO	Check 'in' failed, found 500 but expected Range(200, 201, 202, 203, 204, 205, 206, 207, 208, 209, 210)
ACTION	Main page	194	Dashboard	1353951817425	1353951817457	1353951817426	1353951817456	OK	 
ACTION	Main page	42	Profile 1	1353951817425	1353951817461	1353951817426	1353951817457	KO	Check 'in' failed, found 500 but expected Range(200, 201, 202, 203, 204, 205, 206, 207, 208, 209, 210)
ACTION	Main page	197	Start of scenario	1353951817474	1353951817474	1353951817474	1353951817474	OK	 
ACTION	Main page	196	Start of scenario	1353951817474	1353951817474	1353951817474	1353951817474	OK	 
ACTION	Main page	195	Start of scenario	1353951817474	1353951817474	1353951817474	1353951817474	OK	 
ACTION	Main page	197	Dashboard	1353951817475	1353951817489	1353951817476	1353951817488	OK	 
ACTION	Main page	195	Dashboard	1353951817479	1353951817495	1353951817480	1353951817494	OK	 
ACTION	Main page	196	Dashboard	1353951817477	1353951817495	1353951817479	1353951817495	OK	 
ACTION	Main page	43	Profile 1	1353951817477	1353951817522	1353951817478	1353951817511	KO	Check 'in' failed, found 500 but expected Range(200, 201, 202, 203, 204, 205, 206, 207, 208, 209, 210)
ACTION	Main page	199	Start of scenario	1353951817524	1353951817524	1353951817524	1353951817524	OK	 
ACTION	Main page	198	Start of scenario	1353951817524	1353951817524	1353951817524	1353951817524	OK	 
ACTION	Main page	44	Profile 1	1353951817479	1353951817529	1353951817480	1353951817523	KO	Check 'in' failed, found 500 but expected Range(200, 201, 202, 203, 204, 205, 206, 207, 208, 209, 210)
ACTION	Main page	45	Profile 1	1353951817475	1353951817535	1353951817476	1353951817530	KO	Check 'in' failed, found 500 but expected Range(200, 201, 202, 203, 204, 205, 206, 207, 208, 209, 210)
ACTION	Main page	199	Dashboard	1353951817524	1353951817545	1353951817525	1353951817545	OK	 
ACTION	Main page	47	Profile 1	1353951817524	1353951817564	1353951817525	1353951817556	KO	Check 'in' failed, found 500 but expected Range(200, 201, 202, 203, 204, 205, 206, 207, 208, 209, 210)
ACTION	Main page	46	Profile 1	1353951817526	1353951817572	1353951817526	1353951817567	KO	Check 'in' failed, found 500 but expected Range(200, 201, 202, 203, 204, 205, 206, 207, 208, 209, 210)
ACTION	Main page	198	Dashboard	1353951817526	1353951817573	1353951817526	1353951817573	OK	 
ACTION	Main page	201	Start of scenario	1353951817574	1353951817574	1353951817574	1353951817574	OK	 
ACTION	Main page	200	Start of scenario	1353951817574	1353951817574	1353951817574	1353951817574	OK	 
ACTION	Main page	202	Start of scenario	1353951817574	1353951817574	1353951817574	1353951817574	OK	 
ACTION	Main page	201	Dashboard	1353951817574	1353951817586	1353951817575	1353951817586	OK	 
ACTION	Main page	48	Profile 1	1353951817574	1353951817601	1353951817575	1353951817594	KO	Check 'in' failed, found 500 but expected Range(200, 201, 202, 203, 204, 205, 206, 207, 208, 209, 210)
ACTION	Main page	200	Dashboard	1353951817575	1353951817603	1353951817576	1353951817603	OK	 
ACTION	Main page	202	Dashboard	1353951817577	1353951817608	1353951817577	1353951817608	OK	 
ACTION	Main page	50	Profile 1	1353951817575	1353951817623	1353951817576	1353951817617	KO	Check 'in' failed, found 500 but expected Range(200, 201, 202, 203, 204, 205, 206, 207, 208, 209, 210)
ACTION	Main page	203	Start of scenario	1353951817624	1353951817624	1353951817624	1353951817624	OK	 
ACTION	Main page	204	Start of scenario	1353951817624	1353951817624	1353951817624	1353951817624	OK	 
ACTION	Main page	49	Profile 1	1353951817577	1353951817628	1353951817577	1353951817624	KO	Check 'in' failed, found 500 but expected Range(200, 201, 202, 203, 204, 205, 206, 207, 208, 209, 210)
ACTION	Main page	203	Dashboard	1353951817624	1353951817640	1353951817625	1353951817640	OK	 
ACTION	Main page	51	Profile 1	1353951817624	1353951817652	1353951817625	1353951817647	KO	Check 'in' failed, found 500 but expected Range(200, 201, 202, 203, 204, 205, 206, 207, 208, 209, 210)
ACTION	Main page	204	Dashboard	1353951817626	1353951817658	1353951817626	1353951817658	OK	 
ACTION	Main page	52	Profile 1	1353951817626	1353951817663	1353951817626	1353951817658	KO	Check 'in' failed, found 500 but expected Range(200, 201, 202, 203, 204, 205, 206, 207, 208, 209, 210)
ACTION	Main page	205	Start of scenario	1353951817674	1353951817674	1353951817674	1353951817674	OK	 
ACTION	Main page	207	Start of scenario	1353951817674	1353951817674	1353951817674	1353951817674	OK	 
ACTION	Main page	206	Start of scenario	1353951817674	1353951817674	1353951817674	1353951817674	OK	 
ACTION	Main page	205	Dashboard	1353951817674	1353951817686	1353951817675	1353951817685	OK	 
ACTION	Main page	1	Profile 1	1353951817674	1353951817698	1353951817675	1353951817694	KO	Check 'in' failed, found 500 but expected Range(200, 201, 202, 203, 204, 205, 206, 207, 208, 209, 210)
ACTION	Main page	53	Profile 1	1353951817676	1353951817723	1353951817676	1353951817716	KO	Check 'in' failed, found 500 but expected Range(200, 201, 202, 203, 204, 205, 206, 207, 208, 209, 210)
ACTION	Main page	209	Start of scenario	1353951817724	1353951817724	1353951817724	1353951817724	OK	 
ACTION	Main page	208	Start of scenario	1353951817724	1353951817724	1353951817724	1353951817724	OK	 
ACTION	Main page	2	Profile 1	1353951817675	1353951817734	1353951817675	1353951817726	KO	Check 'in' failed, found 500 but expected Range(200, 201, 202, 203, 204, 205, 206, 207, 208, 209, 210)
ACTION	Main page	207	Dashboard	1353951817675	1353951817736	1353951817675	1353951817736	OK	 
ACTION	Main page	55	Profile 1	1353951817677	1353951817742	1353951817677	1353951817737	KO	Check 'in' failed, found 500 but expected Range(200, 201, 202, 203, 204, 205, 206, 207, 208, 209, 210)
ACTION	Main page	206	Dashboard	1353951817676	1353951817743	1353951817676	1353951817743	OK	 
ACTION	Main page	54	Profile 1	1353951817677	1353951817748	1353951817678	1353951817745	KO	Check 'in' failed, found 500 but expected Range(200, 201, 202, 203, 204, 205, 206, 207, 208, 209, 210)
ACTION	Main page	209	Dashboard	1353951817724	1353951817754	1353951817726	1353951817754	OK	 
ACTION	Main page	210	Start of scenario	1353951817774	1353951817774	1353951817774	1353951817774	OK	 
ACTION	Main page	211	Start of scenario	1353951817774	1353951817774	1353951817774	1353951817774	OK	 
ACTION	Main page	212	Start of scenario	1353951817774	1353951817774	1353951817774	1353951817774	OK	 
ACTION	Main page	208	Dashboard	1353951817726	1353951817774	1353951817726	1353951817774	OK	 
ACTION	Main page	57	Profile 1	1353951817724	1353951817791	1353951817725	1353951817787	KO	Check 'in' failed, found 500 but expected Range(200, 201, 202, 203, 204, 205, 206, 207, 208, 209, 210)
ACTION	Main page	56	Profile 1	1353951817726	1353951817803	1353951817727	1353951817792	KO	Check 'in' failed, found 500 but expected Range(200, 201, 202, 203, 204, 205, 206, 207, 208, 209, 210)
ACTION	Main page	210	Dashboard	1353951817775	1353951817805	1353951817776	1353951817805	OK	 
ACTION	Main page	58	Profile 1	1353951817774	1353951817819	1353951817776	1353951817810	KO	Check 'in' failed, found 500 but expected Range(200, 201, 202, 203, 204, 205, 206, 207, 208, 209, 210)
ACTION	Main page	213	Start of scenario	1353951817824	1353951817824	1353951817824	1353951817824	OK	 
ACTION	Main page	214	Start of scenario	1353951817824	1353951817824	1353951817824	1353951817824	OK	 
ACTION	Main page	3	Profile 1	1353951817776	1353951817829	1353951817776	1353951817820	KO	Check 'in' failed, found 500 but expected Range(200, 201, 202, 203, 204, 205, 206, 207, 208, 209, 210)
ACTION	Main page	211	Dashboard	1353951817775	1353951817830	1353951817776	1353951817830	OK	 
ACTION	Main page	60	Profile 1	1353951817776	1353951817836	1353951817777	1353951817832	KO	Check 'in' failed, found 500 but expected Range(200, 201, 202, 203, 204, 205, 206, 207, 208, 209, 210)
ACTION	Main page	212	Dashboard	1353951817777	1353951817839	1353951817778	1353951817839	OK	 
ACTION	Main page	59	Profile 1	1353951817777	1353951817846	1353951817778	1353951817841	KO	Check 'in' failed, found 500 but expected Range(200, 201, 202, 203, 204, 205, 206, 207, 208, 209, 210)
ACTION	Main page	214	Dashboard	1353951817825	1353951817861	1353951817826	1353951817861	OK	 
ACTION	Main page	215	Start of scenario	1353951817874	1353951817874	1353951817874	1353951817874	OK	 
ACTION	Main page	216	Start of scenario	1353951817874	1353951817874	1353951817874	1353951817874	OK	 
ACTION	Main page	217	Start of scenario	1353951817874	1353951817874	1353951817874	1353951817874	OK	 
ACTION	Main page	62	Profile 1	1353951817824	1353951817879	1353951817825	1353951817869	KO	Check 'in' failed, found 500 but expected Range(200, 201, 202, 203, 204, 205, 206, 207, 208, 209, 210)
ACTION	Main page	61	Profile 1	1353951817825	1353951817886	1353951817826	1353951817882	KO	Check 'in' failed, found 500 but expected Range(200, 201, 202, 203, 204, 205, 206, 207, 208, 209, 210)
ACTION	Main page	213	Dashboard	1353951817824	1353951817887	1353951817825	1353951817887	OK	 
ACTION	Main page	215	Dashboard	1353951817875	1353951817898	1353951817877	1353951817898	OK	 
ACTION	Main page	4	Profile 1	1353951817778	1353951817905	1353951817830	1353951817888	KO	Check 'in' failed, found 500 but expected Range(200, 201, 202, 203, 204, 205, 206, 207, 208, 209, 210)
ACTION	Main page	65	Profile 1	1353951817874	1353951817911	1353951817877	1353951817906	KO	Check 'in' failed, found 500 but expected Range(200, 201, 202, 203, 204, 205, 206, 207, 208, 209, 210)
ACTION	Main page	216	Dashboard	1353951817877	1353951817913	1353951817878	1353951817913	OK	 
ACTION	Main page	217	Dashboard	1353951817879	1353951817913	1353951817881	1353951817913	OK	 
ACTION	Main page	219	Start of scenario	1353951817924	1353951817924	1353951817924	1353951817924	OK	 
ACTION	Main page	218	Start of scenario	1353951817924	1353951817924	1353951817924	1353951817924	OK	 
ACTION	Main page	63	Profile 1	1353951817877	1353951817932	1353951817879	1353951817926	KO	Check 'in' failed, found 500 but expected Range(200, 201, 202, 203, 204, 205, 206, 207, 208, 209, 210)
ACTION	Main page	64	Profile 1	1353951817879	1353951817939	1353951817879	1353951817933	KO	Check 'in' failed, found 500 but expected Range(200, 201, 202, 203, 204, 205, 206, 207, 208, 209, 210)
ACTION	Main page	219	Dashboard	1353951817927	1353951817947	1353951817927	1353951817947	OK	 
ACTION	Main page	218	Dashboard	1353951817927	1353951817953	1353951817928	1353951817953	OK	 
ACTION	Main page	66	Profile 1	1353951817927	1353951817962	1353951817927	1353951817958	KO	Check 'in' failed, found 500 but expected Range(200, 201, 202, 203, 204, 205, 206, 207, 208, 209, 210)
ACTION	Main page	222	Start of scenario	1353951817974	1353951817974	1353951817974	1353951817974	OK	 
ACTION	Main page	221	Start of scenario	1353951817974	1353951817974	1353951817974	1353951817974	OK	 
ACTION	Main page	220	Start of scenario	1353951817974	1353951817974	1353951817974	1353951817974	OK	 
ACTION	Main page	67	Profile 1	1353951817927	1353951817977	1353951817927	1353951817970	KO	Check 'in' failed, found 500 but expected Range(200, 201, 202, 203, 204, 205, 206, 207, 208, 209, 210)
ACTION	Main page	222	Dashboard	1353951817974	1353951817988	1353951817976	1353951817988	OK	 
ACTION	Main page	221	Dashboard	1353951817976	1353951817989	1353951817976	1353951817988	OK	 
ACTION	Main page	220	Dashboard	1353951817977	1353951817995	1353951817978	1353951817995	OK	 
ACTION	Main page	69	Profile 1	1353951817977	1353951818014	1353951817978	1353951818005	KO	Check 'in' failed, found 500 but expected Range(200, 201, 202, 203, 204, 205, 206, 207, 208, 209, 210)
ACTION	Main page	223	Start of scenario	1353951818024	1353951818024	1353951818024	1353951818024	OK	 
ACTION	Main page	224	Start of scenario	1353951818024	1353951818024	1353951818024	1353951818024	OK	 
ACTION	Main page	70	Profile 1	1353951817974	1353951818028	1353951817976	1353951818019	KO	Check 'in' failed, found 500 but expected Range(200, 201, 202, 203, 204, 205, 206, 207, 208, 209, 210)
ACTION	Main page	68	Profile 1	1353951817976	1353951818032	1353951817976	1353951818031	KO	Check 'in' failed, found 500 but expected Range(200, 201, 202, 203, 204, 205, 206, 207, 208, 209, 210)
ACTION	Main page	224	Dashboard	1353951818030	1353951818042	1353951818030	1353951818042	OK	 
ACTION	Main page	71	Profile 1	1353951818025	1353951818058	1353951818026	1353951818050	KO	Check 'in' failed, found 500 but expected Range(200, 201, 202, 203, 204, 205, 206, 207, 208, 209, 210)
ACTION	Main page	223	Dashboard	1353951818025	1353951818061	1353951818032	1353951818061	OK	 
ACTION	Main page	72	Profile 1	1353951818027	1353951818066	1353951818029	1353951818061	KO	Check 'in' failed, found 500 but expected Range(200, 201, 202, 203, 204, 205, 206, 207, 208, 209, 210)
ACTION	Main page	225	Start of scenario	1353951818074	1353951818074	1353951818074	1353951818074	OK	 
ACTION	Main page	227	Start of scenario	1353951818075	1353951818075	1353951818075	1353951818075	OK	 
ACTION	Main page	226	Start of scenario	1353951818075	1353951818075	1353951818075	1353951818075	OK	 
ACTION	Main page	225	Dashboard	1353951818075	1353951818089	1353951818077	1353951818089	OK	 
ACTION	Main page	74	Profile 1	1353951818075	1353951818100	1353951818076	1353951818095	KO	Check 'in' failed, found 500 but expected Range(200, 201, 202, 203, 204, 205, 206, 207, 208, 209, 210)
ACTION	Main page	227	Dashboard	1353951818077	1353951818102	1353951818078	1353951818101	OK	 
ACTION	Main page	75	Profile 1	1353951818077	1353951818116	1353951818078	1353951818110	KO	Check 'in' failed, found 500 but expected Range(200, 201, 202, 203, 204, 205, 206, 207, 208, 209, 210)
ACTION	Main page	226	Dashboard	1353951818079	1353951818117	1353951818080	1353951818117	OK	 
ACTION	Main page	228	Start of scenario	1353951818124	1353951818124	1353951818124	1353951818124	OK	 
ACTION	Main page	229	Start of scenario	1353951818124	1353951818124	1353951818124	1353951818124	OK	 
ACTION	Main page	73	Profile 1	1353951818079	1353951818127	1353951818080	1353951818122	KO	Check 'in' failed, found 500 but expected Range(200, 201, 202, 203, 204, 205, 206, 207, 208, 209, 210)
ACTION	Main page	228	Dashboard	1353951818124	1353951818137	1353951818125	1353951818137	OK	 
ACTION	Main page	77	Profile 1	1353951818124	1353951818155	1353951818125	1353951818143	KO	Check 'in' failed, found 500 but expected Range(200, 201, 202, 203, 204, 205, 206, 207, 208, 209, 210)
ACTION	Main page	229	Dashboard	1353951818125	1353951818156	1353951818126	1353951818156	OK	 
ACTION	Main page	76	Profile 1	1353951818125	1353951818164	1353951818126	1353951818156	KO	Check 'in' failed, found 500 but expected Range(200, 201, 202, 203, 204, 205, 206, 207, 208, 209, 210)
ACTION	Main page	231	Start of scenario	1353951818173	1353951818173	1353951818173	1353951818173	OK	 
ACTION	Main page	232	Start of scenario	1353951818173	1353951818173	1353951818173	1353951818173	OK	 
ACTION	Main page	230	Start of scenario	1353951818174	1353951818174	1353951818174	1353951818174	OK	 
ACTION	Main page	231	Dashboard	1353951818174	1353951818185	1353951818174	1353951818185	OK	 
ACTION	Main page	80	Profile 1	1353951818174	1353951818197	1353951818174	1353951818194	KO	Check 'in' failed, found 500 but expected Range(200, 201, 202, 203, 204, 205, 206, 207, 208, 209, 210)
ACTION	Main page	79	Profile 1	1353951818175	1353951818211	1353951818175	1353951818203	KO	Check 'in' failed, found 500 but expected Range(200, 201, 202, 203, 204, 205, 206, 207, 208, 209, 210)
ACTION	Main page	78	Profile 1	1353951818175	1353951818218	1353951818176	1353951818213	KO	Check 'in' failed, found 500 but expected Range(200, 201, 202, 203, 204, 205, 206, 207, 208, 209, 210)
ACTION	Main page	230	Dashboard	1353951818175	1353951818219	1353951818176	1353951818219	OK	 
ACTION	Main page	232	Dashboard	1353951818175	1353951818221	1353951818175	1353951818221	OK	 
ACTION	Main page	234	Start of scenario	1353951818223	1353951818223	1353951818223	1353951818223	OK	 
ACTION	Main page	233	Start of scenario	1353951818223	1353951818223	1353951818223	1353951818223	OK	 
ACTION	Main page	234	Dashboard	1353951818223	1353951818233	1353951818224	1353951818233	OK	 
ACTION	Main page	82	Profile 1	1353951818223	1353951818253	1353951818224	1353951818245	KO	Check 'in' failed, found 500 but expected Range(200, 201, 202, 203, 204, 205, 206, 207, 208, 209, 210)
ACTION	Main page	81	Profile 1	1353951818224	1353951818259	1353951818225	1353951818254	KO	Check 'in' failed, found 500 but expected Range(200, 201, 202, 203, 204, 205, 206, 207, 208, 209, 210)
ACTION	Main page	233	Dashboard	1353951818224	1353951818260	1353951818225	1353951818260	OK	 
ACTION	Main page	235	Start of scenario	1353951818273	1353951818273	1353951818273	1353951818273	OK	 
ACTION	Main page	236	Start of scenario	1353951818274	1353951818274	1353951818274	1353951818274	OK	 
ACTION	Main page	237	Start of scenario	1353951818274	1353951818274	1353951818274	1353951818274	OK	 
ACTION	Main page	235	Dashboard	1353951818275	1353951818287	1353951818276	1353951818287	OK	 
ACTION	Main page	84	Profile 1	1353951818275	1353951818299	1353951818277	1353951818295	KO	Check 'in' failed, found 500 but expected Range(200, 201, 202, 203, 204, 205, 206, 207, 208, 209, 210)
ACTION	Main page	237	Dashboard	1353951818279	1353951818301	1353951818279	1353951818301	OK	 
ACTION	Main page	83	Profile 1	1353951818277	1353951818310	1353951818278	1353951818306	KO	Check 'in' failed, found 500 but expected Range(200, 201, 202, 203, 204, 205, 206, 207, 208, 209, 210)
ACTION	Main page	236	Dashboard	1353951818277	1353951818316	1353951818278	1353951818316	OK	 
ACTION	Main page	85	Profile 1	1353951818279	1353951818320	1353951818279	1353951818316	KO	Check 'in' failed, found 500 but expected Range(200, 201, 202, 203, 204, 205, 206, 207, 208, 209, 210)
ACTION	Main page	238	Start of scenario	1353951818324	1353951818324	1353951818324	1353951818324	OK	 
ACTION	Main page	239	Start of scenario	1353951818324	1353951818324	1353951818324	1353951818324	OK	 
ACTION	Main page	238	Dashboard	1353951818324	1353951818335	1353951818325	1353951818335	OK	 
ACTION	Main page	239	Dashboard	1353951818326	1353951818342	1353951818326	1353951818342	OK	 
ACTION	Main page	86	Profile 1	1353951818324	1353951818351	1353951818325	1353951818346	KO	Check 'in' failed, found 500 but expected Range(200, 201, 202, 203, 204, 205, 206, 207, 208, 209, 210)
ACTION	Main page	87	Profile 1	1353951818326	1353951818361	1353951818327	1353951818357	KO	Check 'in' failed, found 500 but expected Range(200, 201, 202, 203, 204, 205, 206, 207, 208, 209, 210)
ACTION	Main page	241	Start of scenario	1353951818374	1353951818374	1353951818374	1353951818374	OK	 
ACTION	Main page	240	Start of scenario	1353951818374	1353951818374	1353951818374	1353951818374	OK	 
ACTION	Main page	242	Start of scenario	1353951818374	1353951818374	1353951818374	1353951818374	OK	 
ACTION	Main page	241	Dashboard	1353951818375	1353951818387	1353951818376	1353951818387	OK	 
ACTION	Main page	243	Start of scenario	1353951818424	1353951818424	1353951818424	1353951818424	OK	 
ACTION	Main page	244	Start of scenario	1353951818424	1353951818424	1353951818424	1353951818424	OK	 
ACTION	Main page	240	Dashboard	1353951818377	1353951818427	1353951818378	1353951818427	OK	 
ACTION	Main page	242	Dashboard	1353951818378	1353951818432	1353951818379	1353951818432	OK	 
ACTION	Main page	90	Profile 1	1353951818377	1353951818449	1353951818378	1353951818436	KO	Check 'in' failed, found 500 but expected Range(200, 201, 202, 203, 204, 205, 206, 207, 208, 209, 210)
ACTION	Main page	89	Profile 1	1353951818375	1353951818458	1353951818376	1353951818450	KO	Check 'in' failed, found 500 but expected Range(200, 201, 202, 203, 204, 205, 206, 207, 208, 209, 210)
ACTION	Main page	88	Profile 1	1353951818379	1353951818468	1353951818379	1353951818459	KO	Check 'in' failed, found 500 but expected Range(200, 201, 202, 203, 204, 205, 206, 207, 208, 209, 210)
ACTION	Main page	243	Dashboard	1353951818425	1353951818470	1353951818426	1353951818470	OK	 
ACTION	Main page	246	Start of scenario	1353951818473	1353951818473	1353951818473	1353951818473	OK	 
ACTION	Main page	245	Start of scenario	1353951818473	1353951818473	1353951818473	1353951818473	OK	 
ACTION	Main page	247	Start of scenario	1353951818474	1353951818474	1353951818474	1353951818474	OK	 
ACTION	Main page	92	Profile 1	1353951818428	1353951818476	1353951818429	1353951818471	KO	Check 'in' failed, found 500 but expected Range(200, 201, 202, 203, 204, 205, 206, 207, 208, 209, 210)
ACTION	Main page	244	Dashboard	1353951818428	1353951818477	1353951818428	1353951818477	OK	 
ACTION	Main page	91	Profile 1	1353951818425	1353951818484	1353951818428	1353951818480	KO	Check 'in' failed, found 500 but expected Range(200, 201, 202, 203, 204, 205, 206, 207, 208, 209, 210)
ACTION	Main page	246	Dashboard	1353951818474	1353951818497	1353951818474	1353951818497	OK	 
ACTION	Main page	93	Profile 1	1353951818474	1353951818510	1353951818475	1353951818504	KO	Check 'in' failed, found 500 but expected Range(200, 201, 202, 203, 204, 205, 206, 207, 208, 209, 210)
ACTION	Main page	245	Dashboard	1353951818475	1353951818513	1353951818475	1353951818513	OK	 
ACTION	Main page	247	Dashboard	1353951818476	1353951818515	1353951818476	1353951818515	OK	 
ACTION	Main page	249	Start of scenario	1353951818523	1353951818523	1353951818523	1353951818523	OK	 
ACTION	Main page	248	Start of scenario	1353951818524	1353951818524	1353951818524	1353951818524	OK	 
ACTION	Main page	94	Profile 1	1353951818475	1353951818537	1353951818475	1353951818533	KO	Check 'in' failed, found 500 but expected Range(200, 201, 202, 203, 204, 205, 206, 207, 208, 209, 210)
ACTION	Main page	95	Profile 1	1353951818476	1353951818544	1353951818476	1353951818538	KO	Check 'in' failed, found 500 but expected Range(200, 201, 202, 203, 204, 205, 206, 207, 208, 209, 210)
ACTION	Main page	249	Dashboard	1353951818525	1353951818548	1353951818526	1353951818548	OK	 
ACTION	Main page	97	Profile 1	1353951818524	1353951818565	1353951818524	1353951818556	KO	Check 'in' failed, found 500 but expected Range(200, 201, 202, 203, 204, 205, 206, 207, 208, 209, 210)
ACTION	Main page	96	Profile 1	1353951818526	1353951818570	1353951818526	1353951818566	KO	Check 'in' failed, found 500 but expected Range(200, 201, 202, 203, 204, 205, 206, 207, 208, 209, 210)
ACTION	Main page	248	Dashboard	1353951818526	1353951818571	1353951818527	1353951818571	OK	 
ACTION	Main page	252	Start of scenario	1353951818573	1353951818573	1353951818573	1353951818573	OK	 
ACTION	Main page	250	Start of scenario	1353951818573	1353951818573	1353951818573	1353951818573	OK	 
ACTION	Main page	251	Start of scenario	1353951818573	1353951818573	1353951818573	1353951818573	OK	 
ACTION	Main page	252	Dashboard	1353951818576	1353951818591	1353951818576	1353951818591	OK	 
ACTION	Main page	250	Dashboard	1353951818576	1353951818592	1353951818576	1353951818592	OK	 
ACTION	Main page	251	Dashboard	1353951818576	1353951818603	1353951818577	1353951818603	OK	 
ACTION	Main page	100	Profile 1	1353951818575	1353951818622	1353951818577	1353951818614	KO	Check 'in' failed, found 500 but expected Range(200, 201, 202, 203, 204, 205, 206, 207, 208, 209, 210)
ACTION	Main page	253	Start of scenario	1353951818623	1353951818623	1353951818623	1353951818623	OK	 
ACTION	Main page	254	Start of scenario	1353951818623	1353951818623	1353951818623	1353951818623	OK	 
ACTION	Main page	99	Profile 1	1353951818576	1353951818633	1353951818577	1353951818627	KO	Check 'in' failed, found 500 but expected Range(200, 201, 202, 203, 204, 205, 206, 207, 208, 209, 210)
ACTION	Main page	98	Profile 1	1353951818576	1353951818639	1353951818577	1353951818634	KO	Check 'in' failed, found 500 but expected Range(200, 201, 202, 203, 204, 205, 206, 207, 208, 209, 210)
ACTION	Main page	253	Dashboard	1353951818626	1353951818652	1353951818627	1353951818652	OK	 
ACTION	Main page	101	Profile 1	1353951818626	1353951818664	1353951818626	1353951818659	KO	Check 'in' failed, found 500 but expected Range(200, 201, 202, 203, 204, 205, 206, 207, 208, 209, 210)
ACTION	Main page	254	Dashboard	1353951818626	1353951818665	1353951818627	1353951818665	OK	 
ACTION	Main page	255	Start of scenario	1353951818673	1353951818673	1353951818673	1353951818673	OK	 
ACTION	Main page	256	Start of scenario	1353951818673	1353951818673	1353951818673	1353951818673	OK	 
ACTION	Main page	257	Start of scenario	1353951818673	1353951818673	1353951818673	1353951818673	OK	 
ACTION	Main page	102	Profile 1	1353951818626	1353951818677	1353951818627	1353951818671	KO	Check 'in' failed, found 500 but expected Range(200, 201, 202, 203, 204, 205, 206, 207, 208, 209, 210)
ACTION	Main page	255	Dashboard	1353951818673	1353951818685	1353951818675	1353951818685	OK	 
ACTION	Main page	256	Dashboard	1353951818675	1353951818695	1353951818677	1353951818695	OK	 
ACTION	Main page	104	Profile 1	1353951818673	1353951818701	1353951818675	1353951818697	KO	Check 'in' failed, found 500 but expected Range(200, 201, 202, 203, 204, 205, 206, 207, 208, 209, 210)
ACTION	Main page	257	Dashboard	1353951818675	1353951818703	1353951818676	1353951818703	OK	 
ACTION	Main page	103	Profile 1	1353951818675	1353951818718	1353951818676	1353951818709	KO	Check 'in' failed, found 500 but expected Range(200, 201, 202, 203, 204, 205, 206, 207, 208, 209, 210)
ACTION	Main page	259	Start of scenario	1353951818724	1353951818724	1353951818724	1353951818724	OK	 
ACTION	Main page	258	Start of scenario	1353951818724	1353951818724	1353951818724	1353951818724	OK	 
ACTION	Main page	105	Profile 1	1353951818676	1353951818724	1353951818676	1353951818720	KO	Check 'in' failed, found 500 but expected Range(200, 201, 202, 203, 204, 205, 206, 207, 208, 209, 210)
ACTION	Main page	259	Dashboard	1353951818724	1353951818738	1353951818725	1353951818738	OK	 
ACTION	Main page	106	Profile 1	1353951818724	1353951818750	1353951818725	1353951818746	KO	Check 'in' failed, found 500 but expected Range(200, 201, 202, 203, 204, 205, 206, 207, 208, 209, 210)
ACTION	Main page	258	Dashboard	1353951818725	1353951818753	1353951818726	1353951818753	OK	 
ACTION	Main page	107	Profile 1	1353951818726	1353951818762	1353951818726	1353951818757	KO	Check 'in' failed, found 500 but expected Range(200, 201, 202, 203, 204, 205, 206, 207, 208, 209, 210)
ACTION	Main page	261	Start of scenario	1353951818774	1353951818774	1353951818774	1353951818774	OK	 
ACTION	Main page	260	Start of scenario	1353951818775	1353951818775	1353951818775	1353951818775	OK	 
ACTION	Main page	262	Start of scenario	1353951818775	1353951818775	1353951818775	1353951818775	OK	 
ACTION	Main page	261	Dashboard	1353951818776	1353951818789	1353951818777	1353951818789	OK	 
ACTION	Main page	262	Dashboard	1353951818779	1353951818796	1353951818779	1353951818796	OK	 
ACTION	Main page	260	Dashboard	1353951818777	1353951818802	1353951818778	1353951818802	OK	 
ACTION	Main page	108	Profile 1	1353951818778	1353951818809	1353951818779	1353951818804	KO	Check 'in' failed, found 500 but expected Range(200, 201, 202, 203, 204, 205, 206, 207, 208, 209, 210)
ACTION	Main page	263	Start of scenario	1353951818824	1353951818824	1353951818824	1353951818824	OK	 
ACTION	Main page	264	Start of scenario	1353951818824	1353951818824	1353951818824	1353951818824	OK	 
ACTION	Main page	109	Profile 1	1353951818776	1353951818824	1353951818777	1353951818818	KO	Check 'in' failed, found 500 but expected Range(200, 201, 202, 203, 204, 205, 206, 207, 208, 209, 210)
ACTION	Main page	7	Profile 2	1353951818775	1353951818834	1353951818777	1353951818830	KO	Check 'in' failed, found 500 but expected Range(200, 201, 202, 203, 204, 205, 206, 207, 208, 209, 210)
ACTION	Main page	7	End of scenario	1353951818834	1353951818834	1353951818834	1353951818834	OK	 
ACTION	Main page	110	Profile 1	1353951818777	1353951818841	1353951818778	1353951818837	KO	Check 'in' failed, found 500 but expected Range(200, 201, 202, 203, 204, 205, 206, 207, 208, 209, 210)
ACTION	Main page	263	Dashboard	1353951818824	1353951818851	1353951818825	1353951818851	OK	 
ACTION	Main page	112	Profile 1	1353951818824	1353951818865	1353951818825	1353951818859	KO	Check 'in' failed, found 500 but expected Range(200, 201, 202, 203, 204, 205, 206, 207, 208, 209, 210)
ACTION	Main page	264	Dashboard	1353951818825	1353951818866	1353951818826	1353951818866	OK	 
ACTION	Main page	265	Start of scenario	1353951818874	1353951818874	1353951818874	1353951818874	OK	 
ACTION	Main page	111	Profile 1	1353951818825	1353951818877	1353951818826	1353951818872	KO	Check 'in' failed, found 500 but expected Range(200, 201, 202, 203, 204, 205, 206, 207, 208, 209, 210)
ACTION	Main page	266	Start of scenario	1353951818877	1353951818877	1353951818877	1353951818877	OK	 
ACTION	Main page	267	Start of scenario	1353951818878	1353951818878	1353951818878	1353951818878	OK	 
ACTION	Main page	9	Profile 2	1353951818875	1353951818910	1353951818876	1353951818895	KO	Check 'in' failed, found 500 but expected Range(200, 201, 202, 203, 204, 205, 206, 207, 208, 209, 210)
ACTION	Main page	9	End of scenario	1353951818910	1353951818910	1353951818910	1353951818910	OK	 
ACTION	Main page	10	Profile 2	1353951818875	1353951818916	1353951818876	1353951818911	KO	Check 'in' failed, found 500 but expected Range(200, 201, 202, 203, 204, 205, 206, 207, 208, 209, 210)
ACTION	Main page	10	End of scenario	1353951818916	1353951818916	1353951818916	1353951818916	OK	 
ACTION	Main page	268	Start of scenario	1353951818924	1353951818924	1353951818924	1353951818924	OK	 
ACTION	Main page	269	Start of scenario	1353951818924	1353951818924	1353951818924	1353951818924	OK	 
ACTION	Main page	114	Profile 1	1353951818875	1353951818926	1353951818877	1353951818920	KO	Check 'in' failed, found 500 but expected Range(200, 201, 202, 203, 204, 205, 206, 207, 208, 209, 210)
ACTION	Main page	6	Profile 2	1353951818877	1353951818937	1353951818878	1353951818931	KO	Check 'in' failed, found 500 but expected Range(200, 201, 202, 203, 204, 205, 206, 207, 208, 209, 210)
ACTION	Main page	6	End of scenario	1353951818938	1353951818938	1353951818938	1353951818938	OK	 
ACTION	Main page	267	Dashboard	1353951818880	1353951818947	1353951818886	1353951818947	OK	 
ACTION	Main page	8	Profile 2	1353951818877	1353951818963	1353951818882	1353951818949	KO	Check 'in' failed, found 500 but expected Range(200, 201, 202, 203, 204, 205, 206, 207, 208, 209, 210)
ACTION	Main page	8	End of scenario	1353951818964	1353951818964	1353951818964	1353951818964	OK	 
ACTION	Main page	271	Start of scenario	1353951818974	1353951818974	1353951818974	1353951818974	OK	 
ACTION	Main page	272	Start of scenario	1353951818974	1353951818974	1353951818974	1353951818974	OK	 
ACTION	Main page	270	Start of scenario	1353951818974	1353951818974	1353951818974	1353951818974	OK	 
ACTION	Main page	11	Profile 2	1353951818878	1353951818977	1353951818881	1353951818966	KO	Check 'in' failed, found 500 but expected Range(200, 201, 202, 203, 204, 205, 206, 207, 208, 209, 210)
ACTION	Main page	11	End of scenario	1353951818978	1353951818978	1353951818978	1353951818978	OK	 
ACTION	Main page	5	Profile 2	1353951818880	1353951818987	1353951818881	1353951818978	KO	Check 'in' failed, found 500 but expected Range(200, 201, 202, 203, 204, 205, 206, 207, 208, 209, 210)
ACTION	Main page	5	End of scenario	1353951818987	1353951818987	1353951818987	1353951818987	OK	 
ACTION	Main page	265	Dashboard	1353951818875	1353951818990	1353951818877	1353951818990	OK	 
ACTION	Main page	268	Dashboard	1353951818924	1353951818994	1353951818926	1353951818994	OK	 
ACTION	Main page	113	Profile 1	1353951818876	1353951819002	1353951818877	1353951818996	KO	Check 'in' failed, found 500 but expected Range(200, 201, 202, 203, 204, 205, 206, 207, 208, 209, 210)
ACTION	Main page	266	Dashboard	1353951818880	1353951819003	1353951818882	1353951819003	OK	 
ACTION	Main page	13	Profile 2	1353951818924	1353951819011	1353951818926	1353951819006	KO	Check 'in' failed, found 500 but expected Range(200, 201, 202, 203, 204, 205, 206, 207, 208, 209, 210)
ACTION	Main page	13	End of scenario	1353951819012	1353951819012	1353951819012	1353951819012	OK	 
ACTION	Main page	269	Dashboard	1353951818926	1353951819012	1353951818949	1353951819012	OK	 
ACTION	Main page	115	Profile 1	1353951818880	1353951819019	1353951818885	1353951818941	KO	Check 'in' failed, found 500 but expected Range(200, 201, 202, 203, 204, 205, 206, 207, 208, 209, 210)
ACTION	Main page	273	Start of scenario	1353951819024	1353951819024	1353951819024	1353951819024	OK	 
ACTION	Main page	274	Start of scenario	1353951819025	1353951819025	1353951819025	1353951819025	OK	 
ACTION	Main page	15	Profile 2	1353951818976	1353951819045	1353951818976	1353951819037	KO	Check 'in' failed, found 500 but expected Range(200, 201, 202, 203, 204, 205, 206, 207, 208, 209, 210)
ACTION	Main page	15	End of scenario	1353951819046	1353951819046	1353951819046	1353951819046	OK	 
ACTION	Main page	120	Profile 1	1353951818975	1353951819061	1353951818977	1353951819057	KO	Check 'in' failed, found 500 but expected Range(200, 201, 202, 203, 204, 205, 206, 207, 208, 209, 210)
ACTION	Main page	271	Dashboard	1353951818976	1353951819065	1353951818977	1353951819065	OK	 
ACTION	Main page	276	Start of scenario	1353951819074	1353951819074	1353951819074	1353951819074	OK	 
ACTION	Main page	275	Start of scenario	1353951819075	1353951819075	1353951819075	1353951819075	OK	 
ACTION	Main page	277	Start of scenario	1353951819075	1353951819075	1353951819075	1353951819075	OK	 
ACTION	Main page	118	Profile 1	1353951818977	1353951819078	1353951818978	1353951819066	KO	Check 'in' failed, found 500 but expected Range(200, 201, 202, 203, 204, 205, 206, 207, 208, 209, 210)
ACTION	Main page	16	Profile 2	1353951818975	1353951819088	1353951818977	1353951819083	KO	Check 'in' failed, found 500 but expected Range(200, 201, 202, 203, 204, 205, 206, 207, 208, 209, 210)
ACTION	Main page	16	End of scenario	1353951819089	1353951819089	1353951819089	1353951819089	OK	 
ACTION	Main page	273	Dashboard	1353951819027	1353951819091	1353951819027	1353951819091	OK	 
ACTION	Main page	12	Profile 2	1353951818880	1353951819093	1353951818883	1353951818988	KO	Check 'in' failed, found 500 but expected Range(200, 201, 202, 203, 204, 205, 206, 207, 208, 209, 210)
ACTION	Main page	12	End of scenario	1353951819094	1353951819094	1353951819094	1353951819094	OK	 
ACTION	Main page	121	Profile 1	1353951819027	1353951819105	1353951819027	1353951819097	KO	Check 'in' failed, found 500 but expected Range(200, 201, 202, 203, 204, 205, 206, 207, 208, 209, 210)
ACTION	Main page	20	Profile 2	1353951819028	1353951819115	1353951819028	1353951819105	KO	Check 'in' failed, found 500 but expected Range(200, 201, 202, 203, 204, 205, 206, 207, 208, 209, 210)
ACTION	Main page	20	End of scenario	1353951819116	1353951819116	1353951819116	1353951819116	OK	 
ACTION	Main page	278	Start of scenario	1353951819124	1353951819124	1353951819124	1353951819124	OK	 
ACTION	Main page	279	Start of scenario	1353951819124	1353951819124	1353951819124	1353951819124	OK	 
ACTION	Main page	18	Profile 2	1353951819028	1353951819136	1353951819029	1353951819131	KO	Check 'in' failed, found 500 but expected Range(200, 201, 202, 203, 204, 205, 206, 207, 208, 209, 210)
ACTION	Main page	18	End of scenario	1353951819136	1353951819136	1353951819136	1353951819136	OK	 
ACTION	Main page	14	Profile 2	1353951818926	1353951819144	1353951818949	1353951819027	KO	Check 'in' failed, found 500 but expected Range(200, 201, 202, 203, 204, 205, 206, 207, 208, 209, 210)
ACTION	Main page	14	End of scenario	1353951819144	1353951819144	1353951819144	1353951819144	OK	 
ACTION	Main page	116	Profile 1	1353951818926	1353951819156	1353951818949	1353951819028	KO	Check 'in' failed, found 500 but expected Range(200, 201, 202, 203, 204, 205, 206, 207, 208, 209, 210)
ACTION	Main page	272	Dashboard	1353951818976	1353951819157	1353951819028	1353951819157	OK	 
ACTION	Main page	19	Profile 2	1353951819029	1353951819168	1353951819029	1353951819162	KO	Check 'in' failed, found 500 but expected Range(200, 201, 202, 203, 204, 205, 206, 207, 208, 209, 210)
ACTION	Main page	19	End of scenario	1353951819168	1353951819168	1353951819168	1353951819168	OK	 
ACTION	Main page	117	Profile 1	1353951818926	1353951819169	1353951818963	1353951819047	KO	Check 'in' failed, found 500 but expected Range(200, 201, 202, 203, 204, 205, 206, 207, 208, 209, 210)
ACTION	Main page	280	Start of scenario	1353951819174	1353951819174	1353951819174	1353951819174	OK	 
ACTION	Main page	281	Start of scenario	1353951819174	1353951819174	1353951819174	1353951819174	OK	 
ACTION	Main page	282	Start of scenario	1353951819174	1353951819174	1353951819174	1353951819174	OK	 
ACTION	Main page	274	Dashboard	1353951819030	1353951819178	1353951819030	1353951819178	OK	 
ACTION	Main page	122	Profile 1	1353951819028	1353951819180	1353951819028	1353951819171	KO	Check 'in' failed, found 500 but expected Range(200, 201, 202, 203, 204, 205, 206, 207, 208, 209, 210)
ACTION	Main page	270	Dashboard	1353951818976	1353951819184	1353951819030	1353951819184	OK	 
ACTION	Main page	276	Dashboard	1353951819074	1353951819185	1353951819075	1353951819185	OK	 
ACTION	Main page	123	Profile 1	1353951819074	1353951819200	1353951819077	1353951819195	KO	Check 'in' failed, found 500 but expected Range(200, 201, 202, 203, 204, 205, 206, 207, 208, 209, 210)
ACTION	Main page	21	Profile 2	1353951819074	1353951819207	1353951819077	1353951819201	KO	Check 'in' failed, found 500 but expected Range(200, 201, 202, 203, 204, 205, 206, 207, 208, 209, 210)
ACTION	Main page	21	End of scenario	1353951819208	1353951819208	1353951819208	1353951819208	OK	 
ACTION	Main page	279	Dashboard	1353951819125	1353951819216	1353951819127	1353951819216	OK	 
ACTION	Main page	275	Dashboard	1353951819075	1353951819219	1353951819077	1353951819219	OK	 
ACTION	Main page	278	Dashboard	1353951819125	1353951819220	1353951819125	1353951819220	OK	 
ACTION	Main page	283	Start of scenario	1353951819223	1353951819223	1353951819223	1353951819223	OK	 
ACTION	Main page	284	Start of scenario	1353951819223	1353951819223	1353951819223	1353951819223	OK	 
ACTION	Main page	126	Profile 1	1353951819126	1353951819238	1353951819127	1353951819227	KO	Check 'in' failed, found 500 but expected Range(200, 201, 202, 203, 204, 205, 206, 207, 208, 209, 210)
ACTION	Main page	127	Profile 1	1353951819124	1353951819250	1353951819127	1353951819246	KO	Check 'in' failed, found 500 but expected Range(200, 201, 202, 203, 204, 205, 206, 207, 208, 209, 210)
ACTION	Main page	24	Profile 2	1353951819126	1353951819260	1353951819126	1353951819255	KO	Check 'in' failed, found 500 but expected Range(200, 201, 202, 203, 204, 205, 206, 207, 208, 209, 210)
ACTION	Main page	24	End of scenario	1353951819260	1353951819260	1353951819260	1353951819260	OK	 
ACTION	Main page	17	Profile 2	1353951818976	1353951819272	1353951819030	1353951819170	KO	Check 'in' failed, found 500 but expected Range(200, 201, 202, 203, 204, 205, 206, 207, 208, 209, 210)
ACTION	Main page	287	Start of scenario	1353951819273	1353951819273	1353951819273	1353951819273	OK	 
ACTION	Main page	285	Start of scenario	1353951819273	1353951819273	1353951819273	1353951819273	OK	 
ACTION	Main page	17	End of scenario	1353951819273	1353951819273	1353951819273	1353951819273	OK	 
ACTION	Main page	286	Start of scenario	1353951819273	1353951819273	1353951819273	1353951819273	OK	 
ACTION	Main page	23	Profile 2	1353951819124	1353951819283	1353951819125	1353951819281	KO	Check 'in' failed, found 500 but expected Range(200, 201, 202, 203, 204, 205, 206, 207, 208, 209, 210)
ACTION	Main page	23	End of scenario	1353951819284	1353951819284	1353951819284	1353951819284	OK	 
ACTION	Main page	277	Dashboard	1353951819076	1353951819284	1353951819143	1353951819284	OK	 
ACTION	Main page	280	Dashboard	1353951819175	1353951819286	1353951819175	1353951819286	OK	 
ACTION	Main page	119	Profile 1	1353951818978	1353951819296	1353951819030	1353951819180	KO	Check 'in' failed, found 500 but expected Range(200, 201, 202, 203, 204, 205, 206, 207, 208, 209, 210)
ACTION	Main page	27	Profile 2	1353951819175	1353951819308	1353951819177	1353951819297	KO	Check 'in' failed, found 500 but expected Range(200, 201, 202, 203, 204, 205, 206, 207, 208, 209, 210)
ACTION	Main page	27	End of scenario	1353951819309	1353951819309	1353951819309	1353951819309	OK	 
ACTION	Main page	289	Start of scenario	1353951819324	1353951819324	1353951819324	1353951819324	OK	 
ACTION	Main page	288	Start of scenario	1353951819324	1353951819324	1353951819324	1353951819324	OK	 
ACTION	Main page	281	Dashboard	1353951819176	1353951819329	1353951819180	1353951819329	OK	 
ACTION	Main page	26	Profile 2	1353951819177	1353951819332	1353951819177	1353951819329	KO	Check 'in' failed, found 500 but expected Range(200, 201, 202, 203, 204, 205, 206, 207, 208, 209, 210)
ACTION	Main page	26	End of scenario	1353951819333	1353951819333	1353951819333	1353951819333	OK	 
ACTION	Main page	282	Dashboard	1353951819178	1353951819335	1353951819179	1353951819335	OK	 
ACTION	Main page	124	Profile 1	1353951819076	1353951819347	1353951819143	1353951819225	KO	Check 'in' failed, found 500 but expected Range(200, 201, 202, 203, 204, 205, 206, 207, 208, 209, 210)
ACTION	Main page	128	Profile 1	1353951819178	1353951819359	1353951819179	1353951819347	KO	Check 'in' failed, found 500 but expected Range(200, 201, 202, 203, 204, 205, 206, 207, 208, 209, 210)
ACTION	Main page	283	Dashboard	1353951819224	1353951819360	1353951819225	1353951819360	OK	 
ACTION	Main page	284	Dashboard	1353951819225	1353951819363	1353951819225	1353951819362	OK	 
ACTION	Main page	125	Profile 1	1353951819077	1353951819369	1353951819142	1353951819265	KO	Check 'in' failed, found 500 but expected Range(200, 201, 202, 203, 204, 205, 206, 207, 208, 209, 210)
ACTION	Main page	22	Profile 2	1353951819076	1353951819373	1353951819142	1353951819267	KO	Check 'in' failed, found 500 but expected Range(200, 201, 202, 203, 204, 205, 206, 207, 208, 209, 210)
ACTION	Main page	22	End of scenario	1353951819373	1353951819373	1353951819373	1353951819373	OK	 
ACTION	Main page	292	Start of scenario	1353951819374	1353951819374	1353951819374	1353951819374	OK	 
ACTION	Main page	291	Start of scenario	1353951819374	1353951819374	1353951819374	1353951819374	OK	 
ACTION	Main page	290	Start of scenario	1353951819374	1353951819374	1353951819374	1353951819374	OK	 
ACTION	Main page	28	Profile 2	1353951819225	1353951819381	1353951819225	1353951819377	KO	Check 'in' failed, found 500 but expected Range(200, 201, 202, 203, 204, 205, 206, 207, 208, 209, 210)
ACTION	Main page	28	End of scenario	1353951819382	1353951819382	1353951819382	1353951819382	OK	 
ACTION	Main page	132	Profile 1	1353951819224	1353951819391	1353951819226	1353951819382	KO	Check 'in' failed, found 500 but expected Range(200, 201, 202, 203, 204, 205, 206, 207, 208, 209, 210)
ACTION	Main page	131	Profile 1	1353951819226	1353951819415	1353951819226	1353951819410	KO	Check 'in' failed, found 500 but expected Range(200, 201, 202, 203, 204, 205, 206, 207, 208, 209, 210)
ACTION	Main page	29	Profile 2	1353951819176	1353951819423	1353951819177	1353951819313	KO	Check 'in' failed, found 500 but expected Range(200, 201, 202, 203, 204, 205, 206, 207, 208, 209, 210)
ACTION	Main page	29	End of scenario	1353951819423	1353951819423	1353951819423	1353951819423	OK	 
ACTION	Main page	293	Start of scenario	1353951819424	1353951819424	1353951819424	1353951819424	OK	 
ACTION	Main page	294	Start of scenario	1353951819426	1353951819426	1353951819426	1353951819426	OK	 
ACTION	Main page	134	Profile 1	1353951819276	1353951819453	1353951819276	1353951819446	KO	Check 'in' failed, found 500 but expected Range(200, 201, 202, 203, 204, 205, 206, 207, 208, 209, 210)
ACTION	Main page	25	Profile 2	1353951819126	1353951819455	1353951819182	1353951819338	KO	Check 'in' failed, found 500 but expected Range(200, 201, 202, 203, 204, 205, 206, 207, 208, 209, 210)
ACTION	Main page	286	Dashboard	1353951819279	1353951819456	1353951819280	1353951819456	OK	 
ACTION	Main page	25	End of scenario	1353951819457	1353951819457	1353951819457	1353951819457	OK	 
ACTION	Main page	285	Dashboard	1353951819278	1353951819460	1353951819282	1353951819460	OK	 
ACTION	Main page	30	Profile 2	1353951819224	1353951819464	1353951819225	1353951819369	KO	Check 'in' failed, found 500 but expected Range(200, 201, 202, 203, 204, 205, 206, 207, 208, 209, 210)
ACTION	Main page	30	End of scenario	1353951819464	1353951819464	1353951819464	1353951819464	OK	 
ACTION	Main page	287	Dashboard	1353951819276	1353951819465	1353951819280	1353951819465	OK	 
ACTION	Main page	295	Start of scenario	1353951819473	1353951819473	1353951819473	1353951819473	OK	 
ACTION	Main page	296	Start of scenario	1353951819474	1353951819474	1353951819474	1353951819474	OK	 
ACTION	Main page	297	Start of scenario	1353951819474	1353951819474	1353951819474	1353951819474	OK	 
ACTION	Main page	32	Profile 2	1353951819284	1353951819502	1353951819284	1353951819493	KO	Check 'in' failed, found 500 but expected Range(200, 201, 202, 203, 204, 205, 206, 207, 208, 209, 210)
ACTION	Main page	32	End of scenario	1353951819503	1353951819503	1353951819503	1353951819503	OK	 
ACTION	Main page	35	Profile 2	1353951819324	1353951819512	1353951819327	1353951819503	KO	Check 'in' failed, found 500 but expected Range(200, 201, 202, 203, 204, 205, 206, 207, 208, 209, 210)
ACTION	Main page	35	End of scenario	1353951819513	1353951819513	1353951819513	1353951819513	OK	 
ACTION	Main page	34	Profile 2	1353951819276	1353951819518	1353951819280	1353951819512	KO	Check 'in' failed, found 500 but expected Range(200, 201, 202, 203, 204, 205, 206, 207, 208, 209, 210)
ACTION	Main page	34	End of scenario	1353951819519	1353951819519	1353951819519	1353951819519	OK	 
ACTION	Main page	299	Start of scenario	1353951819523	1353951819523	1353951819523	1353951819523	OK	 
ACTION	Main page	135	Profile 1	1353951819273	1353951819523	1353951819281	1353951819457	KO	Check 'in' failed, found 500 but expected Range(200, 201, 202, 203, 204, 205, 206, 207, 208, 209, 210)
ACTION	Main page	298	Start of scenario	1353951819523	1353951819523	1353951819523	1353951819523	OK	 
ACTION	Main page	289	Dashboard	1353951819324	1353951819526	1353951819328	1353951819526	OK	 
ACTION	Main page	33	Profile 2	1353951819327	1353951819534	1353951819328	1353951819529	KO	Check 'in' failed, found 500 but expected Range(200, 201, 2