Release 13.2 - xst O.61xd (nt64)
Copyright (c) 1995-2011 Xilinx, Inc.  All rights reserved.
--> Parameter TMPDIR set to xst/projnav.tmp


Total REAL time to Xst completion: 1.00 secs
Total CPU time to Xst completion: 0.68 secs
 
--> Parameter xsthdpdir set to xst


Total REAL time to Xst completion: 1.00 secs
Total CPU time to Xst completion: 0.69 secs
 
--> Reading design: main.prj

TABLE OF CONTENTS
  1) Synthesis Options Summary
  2) HDL Compilation
  3) Design Hierarchy Analysis
  4) HDL Analysis
  5) HDL Synthesis
     5.1) HDL Synthesis Report
  6) Advanced HDL Synthesis
     6.1) Advanced HDL Synthesis Report
  7) Low Level Synthesis
  8) Partition Report
  9) Final Report
	9.1) Device utilization summary
	9.2) Partition Resource Summary
	9.3) TIMING REPORT


=========================================================================
*                      Synthesis Options Summary                        *
=========================================================================
---- Source Parameters
Input File Name                    : "main.prj"
Input Format                       : mixed
Ignore Synthesis Constraint File   : NO

---- Target Parameters
Output File Name                   : "main"
Output Format                      : NGC
Target Device                      : xc3sd1800a-4-fg676

---- Source Options
Top Module Name                    : main
Automatic FSM Extraction           : YES
FSM Encoding Algorithm             : Auto
Safe Implementation                : No
FSM Style                          : LUT
RAM Extraction                     : Yes
RAM Style                          : Auto
ROM Extraction                     : Yes
Mux Style                          : Auto
Decoder Extraction                 : YES
Priority Encoder Extraction        : Yes
Shift Register Extraction          : YES
Logical Shifter Extraction         : YES
XOR Collapsing                     : YES
ROM Style                          : Auto
Mux Extraction                     : Yes
Resource Sharing                   : YES
Asynchronous To Synchronous        : NO
Use DSP Block                      : Auto
Automatic Register Balancing       : No

---- Target Options
Add IO Buffers                     : YES
Global Maximum Fanout              : 500
Add Generic Clock Buffer(BUFG)     : 24
Register Duplication               : YES
Slice Packing                      : YES
Optimize Instantiated Primitives   : NO
Use Clock Enable                   : Yes
Use Synchronous Set                : Yes
Use Synchronous Reset              : Yes
Pack IO Registers into IOBs        : Auto
Equivalent register Removal        : YES

---- General Options
Optimization Goal                  : Speed
Optimization Effort                : 1
Keep Hierarchy                     : No
Netlist Hierarchy                  : As_Optimized
RTL Output                         : Yes
Global Optimization                : AllClockNets
Read Cores                         : YES
Write Timing Constraints           : NO
Cross Clock Analysis               : NO
Hierarchy Separator                : /
Bus Delimiter                      : <>
Case Specifier                     : Maintain
Slice Utilization Ratio            : 100
BRAM Utilization Ratio             : 100
DSP48 Utilization Ratio            : 100
Verilog 2001                       : YES
Auto BRAM Packing                  : NO
Slice Utilization Ratio Delta      : 5

=========================================================================


=========================================================================
*                          HDL Compilation                              *
=========================================================================
Compiling vhdl file "D:/politechnika/semestr5/semestr-v/uklady-cyfrowe-i-systemy-wbudowane/lab6/lab6/main.vhf" in Library work.
Entity <decoder_MUSER_main> compiled.
Entity <decoder_MUSER_main> (Architecture <BEHAVIORAL>) compiled.
Entity <counter_MUSER_main> compiled.
Entity <counter_MUSER_main> (Architecture <BEHAVIORAL>) compiled.
Entity <main> compiled.
Entity <main> (Architecture <BEHAVIORAL>) compiled.
Compiling vhdl file "D:/politechnika/semestr5/semestr-v/uklady-cyfrowe-i-systemy-wbudowane/lab6/lab6/decoder.vhf" in Library work.
Entity <decoder> compiled.
Entity <decoder> (Architecture <BEHAVIORAL>) compiled.

=========================================================================
*                     Design Hierarchy Analysis                         *
=========================================================================
Analyzing hierarchy for entity <main> in library <work> (architecture <BEHAVIORAL>).

Analyzing hierarchy for entity <counter_MUSER_main> in library <work> (architecture <BEHAVIORAL>).

Analyzing hierarchy for entity <decoder_MUSER_main> in library <work> (architecture <BEHAVIORAL>).


=========================================================================
*                            HDL Analysis                               *
=========================================================================
Analyzing Entity <main> in library <work> (Architecture <BEHAVIORAL>).
Entity <main> analyzed. Unit <main> generated.

Analyzing Entity <counter_MUSER_main> in library <work> (Architecture <BEHAVIORAL>).
    Set user-defined property "INIT =  0" for instance <XLXI_16> in unit <counter_MUSER_main>.
    Set user-defined property "INIT =  0" for instance <XLXI_17> in unit <counter_MUSER_main>.
    Set user-defined property "INIT =  0" for instance <XLXI_18> in unit <counter_MUSER_main>.
Entity <counter_MUSER_main> analyzed. Unit <counter_MUSER_main> generated.

Analyzing Entity <decoder_MUSER_main> in library <work> (Architecture <BEHAVIORAL>).
Entity <decoder_MUSER_main> analyzed. Unit <decoder_MUSER_main> generated.


=========================================================================
*                           HDL Synthesis                               *
=========================================================================

Performing bidirectional port resolution...

Synthesizing Unit <counter_MUSER_main>.
    Related source file is "D:/politechnika/semestr5/semestr-v/uklady-cyfrowe-i-systemy-wbudowane/lab6/lab6/main.vhf".
Unit <counter_MUSER_main> synthesized.


Synthesizing Unit <decoder_MUSER_main>.
    Related source file is "D:/politechnika/semestr5/semestr-v/uklady-cyfrowe-i-systemy-wbudowane/lab6/lab6/main.vhf".
Unit <decoder_MUSER_main> synthesized.


Synthesizing Unit <main>.
    Related source file is "D:/politechnika/semestr5/semestr-v/uklady-cyfrowe-i-systemy-wbudowane/lab6/lab6/main.vhf".
Unit <main> synthesized.


=========================================================================
HDL Synthesis Report

Found no macro
=========================================================================

=========================================================================
*                       Advanced HDL Synthesis                          *
=========================================================================


=========================================================================
Advanced HDL Synthesis Report

Macro Statistics
# Registers                                            : 3
 Flip-Flops                                            : 3

=========================================================================

=========================================================================
*                         Low Level Synthesis                           *
=========================================================================

Optimizing unit <main> ...

Optimizing unit <counter_MUSER_main> ...

Optimizing unit <decoder_MUSER_main> ...

Mapping all equations...
Building and optimizing final netlist ...
Found area constraint ratio of 100 (+ 5) on block main, actual ratio is 0.

Final Macro Processing ...

=========================================================================
Final Register Report

Macro Statistics
# Registers                                            : 3
 Flip-Flops                                            : 3

=========================================================================

=========================================================================
*                           Partition Report                            *
=========================================================================

Partition Implementation Status
-------------------------------

  No Partitions were found in this design.

-------------------------------

=========================================================================
*                            Final Report                               *
=========================================================================
Final Results
RTL Top Level Output File Name     : main.ngr
Top Level Output File Name         : main
Output Format                      : NGC
Optimization Goal                  : Speed
Keep Hierarchy                     : No

Design Statistics
# IOs                              : 14

Cell Usage :
# BELS                             : 16
#      AND2B1                      : 2
#      AND3                        : 1
#      AND3B1                      : 4
#      AND3B2                      : 3
#      AND3B3                      : 1
#      GND                         : 1
#      INV                         : 1
#      OR3                         : 2
#      XOR2                        : 1
# FlipFlops/Latches                : 3
#      FDCE                        : 3
# Clock Buffers                    : 1
#      BUFGP                       : 1
# IO Buffers                       : 13
#      IBUF                        : 1
#      OBUF                        : 12
=========================================================================

Device utilization summary:
---------------------------

Selected Device : 3sd1800afg676-4 

 Number of Slices:                        2  out of  16640     0%  
 Number of Slice Flip Flops:              3  out of  33280     0%  
 Number of 4 input LUTs:                  1  out of  33280     0%  
 Number of IOs:                          14
 Number of bonded IOBs:                  14  out of    519     2%  
 Number of GCLKs:                         1  out of     24     4%  

---------------------------
Partition Resource Summary:
---------------------------

  No Partitions were found in this design.

---------------------------


=========================================================================
TIMING REPORT

NOTE: THESE TIMING NUMBERS ARE ONLY A SYNTHESIS ESTIMATE.
      FOR ACCURATE TIMING INFORMATION PLEASE REFER TO THE TRACE REPORT
      GENERATED AFTER PLACE-and-ROUTE.

Clock Information:
------------------
-----------------------------------+------------------------+-------+
Clock Signal                       | Clock buffer(FF name)  | Load  |
-----------------------------------+------------------------+-------+
C                                  | BUFGP                  | 3     |
-----------------------------------+------------------------+-------+

Asynchronous Control Signals Information:
----------------------------------------
-----------------------------------+------------------------+-------+
Control Signal                     | Buffer(FF name)        | Load  |
-----------------------------------+------------------------+-------+
N0(XST_GND:G)                      | NONE(cnt/XLXI_16)      | 3     |
-----------------------------------+------------------------+-------+

Timing Summary:
---------------
Speed Grade: -4

   Minimum period: 3.962ns (Maximum Frequency: 252.398MHz)
   Minimum input arrival time before clock: 1.692ns
   Maximum output required time after clock: 8.257ns
   Maximum combinational path delay: No path found

Timing Detail:
--------------
All values displayed in nanoseconds (ns)

=========================================================================
Timing constraint: Default period analysis for Clock 'C'
  Clock period: 3.962ns (frequency: 252.398MHz)
  Total number of paths / destination ports: 10 / 3
-------------------------------------------------------------------------
Delay:               3.962ns (Levels of Logic = 2)
  Source:            cnt/XLXI_16 (FF)
  Destination:       cnt/XLXI_18 (FF)
  Source Clock:      C rising
  Destination Clock: C rising

  Data Path: cnt/XLXI_16 to cnt/XLXI_18
                                Gate     Net
    Cell:in->out      fanout   Delay   Delay  Logical Name (Net Name)
    ----------------------------------------  ------------
     FDCE:C->Q            13   0.591   0.983  cnt/XLXI_16 (Q0c_OBUF)
     AND2B1:I0->O          1   0.648   0.420  cnt/XLXI_32 (cnt/XLXN_54)
     OR3:I1->O             1   0.648   0.420  cnt/XLXI_30 (cnt/XLXN_60)
     FDCE:D                    0.252          cnt/XLXI_18
    ----------------------------------------
    Total                      3.962ns (2.139ns logic, 1.823ns route)
                                       (54.0% logic, 46.0% route)

=========================================================================
Timing constraint: Default OFFSET IN BEFORE for Clock 'C'
  Total number of paths / destination ports: 3 / 3
-------------------------------------------------------------------------
Offset:              1.692ns (Levels of Logic = 1)
  Source:            CE (PAD)
  Destination:       cnt/XLXI_18 (FF)
  Destination Clock: C rising

  Data Path: CE to cnt/XLXI_18
                                Gate     Net
    Cell:in->out      fanout   Delay   Delay  Logical Name (Net Name)
    ----------------------------------------  ------------
     IBUF:I->O             3   0.849   0.531  CE_IBUF (CE_IBUF)
     FDCE:CE                   0.312          cnt/XLXI_16
    ----------------------------------------
    Total                      1.692ns (1.161ns logic, 0.531ns route)
                                       (68.6% logic, 31.4% route)

=========================================================================
Timing constraint: Default OFFSET OUT AFTER for Clock 'C'
  Total number of paths / destination ports: 36 / 12
-------------------------------------------------------------------------
Offset:              8.257ns (Levels of Logic = 3)
  Source:            cnt/XLXI_16 (FF)
  Destination:       R (PAD)
  Source Clock:      C rising

  Data Path: cnt/XLXI_16 to R
                                Gate     Net
    Cell:in->out      fanout   Delay   Delay  Logical Name (Net Name)
    ----------------------------------------  ------------
     FDCE:C->Q            13   0.591   0.983  cnt/XLXI_16 (Q0c_OBUF)
     AND3B3:I2->O          2   0.648   0.447  dec/XLXI_2 (Y_0_OBUF)
     OR3:I2->O             1   0.648   0.420  XLXI_4 (R_OBUF)
     OBUF:I->O                 4.520          R_OBUF (R)
    ----------------------------------------
    Total                      8.257ns (6.407ns logic, 1.850ns route)
                                       (77.6% logic, 22.4% route)

=========================================================================


Total REAL time to Xst completion: 14.00 secs
Total CPU time to Xst completion: 13.91 secs
 
--> 

Total memory usage is 251376 kilobytes

Number of errors   :    0 (   0 filtered)
Number of warnings :    0 (   0 filtered)
Number of infos    :    0 (   0 filtered)

