Command line:
   lab4_isim_beh.exe
     -simmode  gui
     -simrunnum  0
     -socket  53659

Mon Nov 07 01:05:24 2011


 Elaboration Time: 0.0624 sec

 Current Memory Usage: 496.112 Meg

 Total Signals          : 249
 Total Nets             : 114
 Total Signal Drivers   : 55
 Total Blocks           : 54
 Total Primitive Blocks : 50
 Total Processes        : 53
 Total Traceable Variables  : 16
 Total Scalar Nets and Variables : 600
Total Line Count : 62

 Total Simulation Time: 0.374402 sec

 Current Memory Usage: 496.112 Meg

Mon Nov 07 01:05:55 2011

