#
# A fatal error has been detected by the Java Runtime Environment:
#
#  SIGSEGV (0xb) at pc=0xb47b0760, pid=26798, tid=3079072576
#
# JRE version: 7.0
# Java VM: OpenJDK Server VM (21.0-b17 mixed mode linux-x86 )
# Problematic frame:
# J  org.jruby.util.Pack.unpack(Lorg/jruby/Ruby;Lorg/jruby/util/ByteList;Lorg/jruby/util/ByteList;)Lorg/jruby/RubyArray;
#
# Failed to write core dump. Core dumps have been disabled. To enable core dumping, try "ulimit -c unlimited" before starting Java again
#
# If you would like to submit a bug report, please include
# instructions on how to reproduce the bug and visit:
#   http://icedtea.classpath.org/bugzilla
#

---------------  T H R E A D  ---------------

Current thread (0xb7505000):  JavaThread "main" [_thread_in_Java, id=26799, stack(0xb766e000,0xb786f000)]

siginfo:si_signo=SIGSEGV: si_errno=0, si_code=128 (), si_addr=0x00000000

Registers:
EAX=0x8de5b1e8, EBX=0x8de5b1e8, ECX=0x957b52a0, EDX=0xb0869ef0
ESP=0xb786902c, EBP=0xb7869070, ESI=0x955ac020, EDI=0xb47b0760
EIP=0xb47b0760, EFLAGS=0x00010206, CR2=0x00000004

Top of Stack: (sp=0xb786902c)
0xb786902c:   b450349a 955ac020 00000000 b7869044
0xb786903c:   b7869070 b450349a 955ac020 b0869ef0
0xb786904c:   957b52a0 b7869050 8d3edeb7 b786907c
0xb786905c:   8d41ed70 00000000 8d3edee0 b7869044
0xb786906c:   b7869078 b78690a0 b450349a 955ac000
0xb786907c:   b086a120 b7869080 8d4400be b78690bc
0xb786908c:   8d440360 00000000 8d4400c8 b7869078
0xb786909c:   b78690c0 955ac000 b45c4f64 955ac000 

Instructions: (pc=0xb47b0760)
0xb47b0740:   19 1a 7b b4 97 0c 7b b4 fe 15 7b b4 cd 17 7b b4
0xb47b0750:   f4 f4 f4 f4 f4 f4 f4 f4 f4 f4 f4 f4 f4 f4 f4 f4
0xb47b0760:   89 84 24 00 d0 ff ff 55 81 ec 78 00 00 00 8b e9
0xb47b0770:   89 54 24 10 8b 7a 18 85 c9 0f 84 16 0b 00 00 ba 

Register to memory mapping:

EAX=0x8de5b1e8 is an oop
{method} 
 - klass: {other class}
EBX=0x8de5b1e8 is an oop
{method} 
 - klass: {other class}
ECX=0x957b52a0 is an oop
org.jruby.Ruby 
 - klass: 'org/jruby/Ruby'
EDX=0xb0869ef0 is an oop
org.jruby.util.ByteList 
 - klass: 'org/jruby/util/ByteList'
ESP=0xb786902c is pointing into the stack for thread: 0xb7505000
EBP=0xb7869070 is pointing into the stack for thread: 0xb7505000
ESI=0x955ac020 is an oop
org.jruby.util.ByteList 
 - klass: 'org/jruby/util/ByteList'
EDI=0xb47afb08 [CodeBlob (0xb47afb08)]
Framesize: 32


Stack: [0xb766e000,0xb786f000],  sp=0xb786902c,  free space=2028k
Native frames: (J=compiled Java code, j=interpreted, Vv=VM code, C=native code)
J  org.jruby.util.Pack.unpack(Lorg/jruby/Ruby;Lorg/jruby/util/ByteList;Lorg/jruby/util/ByteList;)Lorg/jruby/RubyArray;
j  org.jruby.RubyString$i$1$0$unpack.call(Lorg/jruby/runtime/ThreadContext;Lorg/jruby/runtime/builtin/IRubyObject;Lorg/jruby/RubyModule;Ljava/lang/String;Lorg/jruby/runtime/builtin/IRubyObject;)Lorg/jruby/runtime/builtin/IRubyObject;+6


---------------  P R O C E S S  ---------------

Java Threads: ( => current thread )
  0x8bb6c400 JavaThread "process reaper" daemon [_thread_blocked, id=26813, stack(0x8cb37000,0x8cb46000)]
  0x8b4ec800 JavaThread "Thread-1" daemon [_thread_blocked, id=26811, stack(0x8abfe000,0x8adff000)]
  0x8b4eb800 JavaThread "Thread-0" daemon [_thread_blocked, id=26810, stack(0x8adff000,0x8b000000)]
  0xb75f4800 JavaThread "Service Thread" daemon [_thread_blocked, id=26808, stack(0x8bccb000,0x8becc000)]
  0xb75f2c00 JavaThread "C2 CompilerThread1" daemon [_thread_blocked, id=26807, stack(0x8becc000,0x8bf4d000)]
  0xb75f0c00 JavaThread "C2 CompilerThread0" daemon [_thread_blocked, id=26806, stack(0x8bf4d000,0x8bfce000)]
  0xb75ef000 JavaThread "Signal Dispatcher" daemon [_thread_blocked, id=26805, stack(0x8bfce000,0x8c1cf000)]
  0xb75b6000 JavaThread "Finalizer" daemon [_thread_blocked, id=26804, stack(0x8c3cf000,0x8c5d0000)]
  0xb75b4400 JavaThread "Reference Handler" daemon [_thread_blocked, id=26803, stack(0x8c5d0000,0x8c7d1000)]
=>0xb7505000 JavaThread "main" [_thread_in_Java, id=26799, stack(0xb766e000,0xb786f000)]

Other Threads:
  0xb75ae800 VMThread [stack: 0x8c7d1000,0x8c852000] [id=26802]
  0xb75f6800 WatcherThread [stack: 0x8bc4a000,0x8bccb000] [id=26809]

VM state:not at safepoint (normal execution)

VM Mutex/Monitor currently owned by a thread: None

Heap
 PSYoungGen      total 161216K, used 112274K [0xa9da0000, 0xb4330000, 0xb4440000)
  eden space 153280K, 71% used [0xa9da0000,0xb094ca18,0xb3350000)
  from space 7936K, 25% used [0xb3350000,0xb3548078,0xb3b10000)
  to   space 7424K, 0% used [0xb3bf0000,0xb3bf0000,0xb4330000)
 PSOldGen        total 79808K, used 68236K [0x95040000, 0x99e30000, 0xa9da0000)
  object space 79808K, 85% used [0x95040000,0x992e3360,0x99e30000)
 PSPermGen       total 29440K, used 14706K [0x8d040000, 0x8ed00000, 0x95040000)
  object space 29440K, 49% used [0x8d040000,0x8de9c958,0x8ed00000)

Code Cache  [0xb4500000, 0xb47c0000, 0xb7500000)
 total_blobs=1213 nmethods=1052 adapters=113 free_code_cache=46414Kb largest_free_block=47464320

Dynamic libraries:
00110000-00139000 r-xp 00000000 fd:01 64705      /lib/libm-2.14.90.so
00139000-0013a000 r--p 00028000 fd:01 64705      /lib/libm-2.14.90.so
0013a000-0013b000 rw-p 00029000 fd:01 64705      /lib/libm-2.14.90.so
0013b000-00143000 r-xp 00000000 fd:01 65065      /lib/librt-2.14.90.so
00143000-00144000 r--p 00007000 fd:01 65065      /lib/librt-2.14.90.so
00144000-00145000 rw-p 00008000 fd:01 65065      /lib/librt-2.14.90.so
00145000-00151000 r-xp 00000000 fd:01 132464     /usr/lib/jvm/java-1.7.0-openjdk-1.7.0.1/jre/lib/i386/libverify.so
00151000-00152000 rw-p 0000b000 fd:01 132464     /usr/lib/jvm/java-1.7.0-openjdk-1.7.0.1/jre/lib/i386/libverify.so
00152000-00178000 r-xp 00000000 fd:01 132442     /usr/lib/jvm/java-1.7.0-openjdk-1.7.0.1/jre/lib/i386/libjava.so
00178000-00179000 rw-p 00026000 fd:01 132442     /usr/lib/jvm/java-1.7.0-openjdk-1.7.0.1/jre/lib/i386/libjava.so
003be000-003c6000 r-xp 00000000 fd:01 132465     /usr/lib/jvm/java-1.7.0-openjdk-1.7.0.1/jre/lib/i386/libzip.so
003c6000-003c7000 rw-p 00007000 fd:01 132465     /usr/lib/jvm/java-1.7.0-openjdk-1.7.0.1/jre/lib/i386/libzip.so
00499000-004a4000 r-xp 00000000 fd:01 145957     /home/jacek/.rvm/rubies/jruby-1.6.5/lib/native/i386-Linux/libjffi-1.0.so
004a4000-004a5000 rw-p 0000a000 fd:01 145957     /home/jacek/.rvm/rubies/jruby-1.6.5/lib/native/i386-Linux/libjffi-1.0.so
0077e000-00789000 r-xp 00000000 fd:01 5616       /lib/libnss_files-2.14.90.so
00789000-0078a000 r--p 0000a000 fd:01 5616       /lib/libnss_files-2.14.90.so
0078a000-0078b000 rw-p 0000b000 fd:01 5616       /lib/libnss_files-2.14.90.so
00a82000-00a89000 r-xp 00000000 fd:01 5614       /lib/libnss_dns-2.14.90.so
00a89000-00a8a000 r--p 00006000 fd:01 5614       /lib/libnss_dns-2.14.90.so
00a8a000-00a8b000 rw-p 00007000 fd:01 5614       /lib/libnss_dns-2.14.90.so
00d7a000-00d8b000 r-xp 00000000 fd:01 132455     /usr/lib/jvm/java-1.7.0-openjdk-1.7.0.1/jre/lib/i386/libnio.so
00d8b000-00d8c000 rw-p 00010000 fd:01 132455     /usr/lib/jvm/java-1.7.0-openjdk-1.7.0.1/jre/lib/i386/libnio.so
00dcd000-00de3000 r-xp 00000000 fd:01 132454     /usr/lib/jvm/java-1.7.0-openjdk-1.7.0.1/jre/lib/i386/libnet.so
00de3000-00de4000 rw-p 00015000 fd:01 132454     /usr/lib/jvm/java-1.7.0-openjdk-1.7.0.1/jre/lib/i386/libnet.so
00e08000-00e09000 r-xp 00000000 00:00 0          [vdso]
00e09000-016a6000 r-xp 00000000 fd:01 132468     /usr/lib/jvm/java-1.7.0-openjdk-1.7.0.1/jre/lib/i386/server/libjvm.so
016a6000-016f9000 rw-p 0089d000 fd:01 132468     /usr/lib/jvm/java-1.7.0-openjdk-1.7.0.1/jre/lib/i386/server/libjvm.so
016f9000-01b14000 rw-p 00000000 00:00 0 
08048000-08049000 r-xp 00000000 fd:01 132389     /usr/lib/jvm/java-1.7.0-openjdk-1.7.0.1/jre/bin/java
08049000-0804a000 rw-p 00000000 fd:01 132389     /usr/lib/jvm/java-1.7.0-openjdk-1.7.0.1/jre/bin/java
09a43000-09f50000 rw-p 00000000 00:00 0          [heap]
4a879000-4a89a000 r-xp 00000000 fd:01 11451      /lib/ld-2.14.90.so
4a89a000-4a89b000 r--p 00020000 fd:01 11451      /lib/ld-2.14.90.so
4a89b000-4a89c000 rw-p 00021000 fd:01 11451      /lib/ld-2.14.90.so
4a89e000-4aa43000 r-xp 00000000 fd:01 23503      /lib/libc-2.14.90.so
4aa43000-4aa44000 ---p 001a5000 fd:01 23503      /lib/libc-2.14.90.so
4aa44000-4aa46000 r--p 001a5000 fd:01 23503      /lib/libc-2.14.90.so
4aa46000-4aa47000 rw-p 001a7000 fd:01 23503      /lib/libc-2.14.90.so
4aa47000-4aa4a000 rw-p 00000000 00:00 0 
4aa4c000-4aa4f000 r-xp 00000000 fd:01 61439      /lib/libdl-2.14.90.so
4aa4f000-4aa50000 r--p 00002000 fd:01 61439      /lib/libdl-2.14.90.so
4aa50000-4aa51000 rw-p 00003000 fd:01 61439      /lib/libdl-2.14.90.so
4aa53000-4aa6a000 r-xp 00000000 fd:01 64708      /lib/libpthread-2.14.90.so
4aa6a000-4aa6b000 r--p 00016000 fd:01 64708      /lib/libpthread-2.14.90.so
4aa6b000-4aa6c000 rw-p 00017000 fd:01 64708      /lib/libpthread-2.14.90.so
4aa6c000-4aa6e000 rw-p 00000000 00:00 0 
4aa70000-4aa7c000 r-xp 00000000 fd:01 132354     /usr/lib/jvm/java-1.7.0-openjdk-1.7.0.1/jre/lib/i386/jli/libjli.so
4aa7c000-4aa7d000 rw-p 0000b000 fd:01 132354     /usr/lib/jvm/java-1.7.0-openjdk-1.7.0.1/jre/lib/i386/jli/libjli.so
4aaa9000-4aac5000 r-xp 00000000 fd:01 61440      /lib/libgcc_s-4.6.2-20111027.so.1
4aac5000-4aac6000 rw-p 0001b000 fd:01 61440      /lib/libgcc_s-4.6.2-20111027.so.1
4aac8000-4aadd000 r-xp 00000000 fd:01 64709      /lib/libz.so.1.2.5
4aadd000-4aade000 rw-p 00014000 fd:01 64709      /lib/libz.so.1.2.5
4ac26000-4ac3d000 r-xp 00000000 fd:01 64707      /lib/libresolv-2.14.90.so
4ac3d000-4ac3e000 r--p 00016000 fd:01 64707      /lib/libresolv-2.14.90.so
4ac3e000-4ac3f000 rw-p 00017000 fd:01 64707      /lib/libresolv-2.14.90.so
4ac3f000-4ac41000 rw-p 00000000 00:00 0 
4b2b8000-4b39a000 r-xp 00000000 fd:01 25439      /usr/lib/libstdc++.so.6.0.16
4b39a000-4b39e000 r--p 000e2000 fd:01 25439      /usr/lib/libstdc++.so.6.0.16
4b39e000-4b39f000 rw-p 000e6000 fd:01 25439      /usr/lib/libstdc++.so.6.0.16
4b39f000-4b3a6000 rw-p 00000000 00:00 0 
8a3a6000-8a3a9000 ---p 00000000 00:00 0 
8a3a9000-8a5a7000 rw-p 00000000 00:00 0 
8a5a7000-8a5aa000 ---p 00000000 00:00 0 
8a5aa000-8a7a8000 rw-p 00000000 00:00 0 
8a7a8000-8a7ab000 ---p 00000000 00:00 0 
8a7ab000-8abfe000 rw-p 00000000 00:00 0 
8abfe000-8ac01000 ---p 00000000 00:00 0 
8ac01000-8adff000 rw-p 00000000 00:00 0 
8adff000-8ae02000 ---p 00000000 00:00 0 
8ae02000-8b000000 rw-p 00000000 00:00 0 
8b000000-8b0e8000 rw-p 00000000 00:00 0 
8b0e8000-8b100000 ---p 00000000 00:00 0 
8b200000-8b2fc000 rw-p 00000000 00:00 0 
8b2fc000-8b300000 ---p 00000000 00:00 0 
8b300000-8b3ff000 rw-p 00000000 00:00 0 
8b3ff000-8b400000 ---p 00000000 00:00 0 
8b400000-8b4ee000 rw-p 00000000 00:00 0 
8b4ee000-8b500000 ---p 00000000 00:00 0 
8b500000-8b5fa000 rw-p 00000000 00:00 0 
8b5fa000-8b600000 ---p 00000000 00:00 0 
8b700000-8b7f9000 rw-p 00000000 00:00 0 
8b7f9000-8b800000 ---p 00000000 00:00 0 
8b800000-8b900000 rw-p 00000000 00:00 0 
8b900000-8bafe000 rw-p 00000000 00:00 0 
8bafe000-8bb00000 ---p 00000000 00:00 0 
8bb00000-8bbfa000 rw-p 00000000 00:00 0 
8bbfa000-8bc00000 ---p 00000000 00:00 0 
8bc4a000-8bc4b000 ---p 00000000 00:00 0 
8bc4b000-8bccb000 rw-p 00000000 00:00 0 
8bccb000-8bcce000 ---p 00000000 00:00 0 
8bcce000-8becc000 rw-p 00000000 00:00 0 
8becc000-8becf000 ---p 00000000 00:00 0 
8becf000-8bf4d000 rw-p 00000000 00:00 0 
8bf4d000-8bf50000 ---p 00000000 00:00 0 
8bf50000-8bfce000 rw-p 00000000 00:00 0 
8bfce000-8bfd1000 ---p 00000000 00:00 0 
8bfd1000-8c1cf000 rw-p 00000000 00:00 0 
8c1cf000-8c3cf000 r--p 00000000 fd:01 47196      /usr/lib/locale/locale-archive
8c3cf000-8c3d2000 ---p 00000000 00:00 0 
8c3d2000-8c5d0000 rw-p 00000000 00:00 0 
8c5d0000-8c5d3000 ---p 00000000 00:00 0 
8c5d3000-8c7d1000 rw-p 00000000 00:00 0 
8c7d1000-8c7d2000 ---p 00000000 00:00 0 
8c7d2000-8c852000 rw-p 00000000 00:00 0 
8c852000-8ca00000 r--s 03753000 fd:01 132494     /usr/lib/jvm/java-1.7.0-openjdk-1.7.0.1/jre/lib/rt.jar
8ca00000-8caff000 rw-p 00000000 00:00 0 
8caff000-8cb00000 ---p 00000000 00:00 0 
8cb37000-8cb3a000 ---p 00000000 00:00 0 
8cb3a000-8cb46000 rw-p 00000000 00:00 0 
8cb46000-8cc00000 r--s 00881000 fd:01 145973     /home/jacek/.rvm/rubies/jruby-1.6.5/lib/jruby.jar
8cc00000-8cc21000 rw-p 00000000 00:00 0 
8cc21000-8cd00000 ---p 00000000 00:00 0 
8cd09000-8cd0d000 r--s 00089000 fd:01 132480     /usr/lib/jvm/java-1.7.0-openjdk-1.7.0.1/jre/lib/jsse.jar
8cd0d000-8cd14000 r--s 00000000 fd:01 47500      /usr/lib/gconv/gconv-modules.cache
8cd14000-8cd5c000 rw-p 00000000 00:00 0 
8cd5c000-8cd5d000 ---p 00000000 00:00 0 
8cd5d000-8cddd000 rw-p 00000000 00:00 0 
8cddd000-8cdde000 ---p 00000000 00:00 0 
8cdde000-8ce85000 rw-p 00000000 00:00 0 
8ce85000-8cf05000 rw-p 00000000 00:00 0 
8cf05000-8cf14000 rw-p 00000000 00:00 0 
8cf14000-8cf15000 ---p 00000000 00:00 0 
8cf15000-8cf45000 rw-p 00000000 00:00 0 
8cf45000-8cf6c000 rw-p 00000000 00:00 0 
8cf6c000-8cfeb000 rw-p 00000000 00:00 0 
8cfeb000-8d03f000 rw-p 00000000 00:00 0 
8d03f000-8ed00000 rw-p 00000000 00:00 0 
8ed00000-8ef80000 ---p 00000000 00:00 0 
8ef80000-95040000 rw-p 00000000 00:00 0 
95040000-99e30000 rw-p 00000000 00:00 0 
99e30000-a9da0000 rw-p 00000000 00:00 0 
a9da0000-b4330000 rw-p 00000000 00:00 0 
b4330000-b4440000 ---p 00000000 00:00 0 
b4440000-b444b000 rw-p 00000000 00:00 0 
b444b000-b4500000 rw-p 00000000 00:00 0 
b4500000-b47c0000 rwxp 00000000 00:00 0 
b47c0000-b75fc000 rw-p 00000000 00:00 0 
b75fc000-b7600000 ---p 00000000 00:00 0 
b7604000-b760d000 r--s 00066000 fd:01 132409     /usr/lib/jvm/java-1.7.0-openjdk-1.7.0.1/jre/lib/ext/gnome-java-bridge.jar
b760d000-b763d000 rw-p 00000000 00:00 0 
b763d000-b763e000 ---p 00000000 00:00 0 
b763e000-b766e000 rw-p 00000000 00:00 0 
b766e000-b7671000 ---p 00000000 00:00 0 
b7671000-b7871000 rw-p 00000000 00:00 0 
b7873000-b7876000 r--s 0000f000 fd:01 132412     /usr/lib/jvm/java-1.7.0-openjdk-1.7.0.1/jre/lib/ext/pulse-java.jar
b7876000-b787e000 rw-s 00000000 fd:01 403527     /tmp/hsperfdata_jacek/26798
b787e000-b787f000 rw-p 00000000 00:00 0 
b787f000-b7880000 r--p 00000000 00:00 0 
b7880000-b7881000 rw-p 00000000 00:00 0 
bfe23000-bfe45000 rw-p 00000000 00:00 0          [stack]

VM Arguments:
jvm_args: -Djdk.home= -Djruby.home=/home/jacek/.rvm/rubies/jruby-1.6.5 -Djruby.script=jruby -Djruby.shell=/bin/sh -Djffi.boot.library.path=/home/jacek/.rvm/rubies/jruby-1.6.5/lib/native/ppc-Linux:/home/jacek/.rvm/rubies/jruby-1.6.5/lib/native/i386-Linux:/home/jacek/.rvm/rubies/jruby-1.6.5/lib/native/x86_64-Linux -Xmx500m -Xss2048k -Djruby.memory.max=500m -Djruby.stack.max=2048k -Xbootclasspath/a:/home/jacek/.rvm/rubies/jruby-1.6.5/lib/jruby.jar 
java_command: org/jruby/Main /home/jacek/.rvm/gems/jruby-1.6.5/bin/bundle install
Launcher Type: SUN_STANDARD

Environment Variables:
PATH=/home/jacek/.rvm/gems/jruby-1.6.5/bin:/home/jacek/.rvm/gems/jruby-1.6.5@global/bin:/home/jacek/.rvm/rubies/jruby-1.6.5/bin:/home/jacek/.rvm/bin:/usr/local/bin:/bin:/usr/bin:/usr/local/sbin:/usr/sbin:/sbin:/home/jacek/.local/bin:/home/jacek/bin
SHELL=/bin/bash
DISPLAY=:0

Signal Handlers:
SIGSEGV: [libjvm.so+0x6dfac0], sa_mask[0]=0x7ffbfeff, sa_flags=0x10000004
SIGBUS: [libjvm.so+0x6dfac0], sa_mask[0]=0x7ffbfeff, sa_flags=0x10000004
SIGFPE: [libjvm.so+0x588300], sa_mask[0]=0x7ffbfeff, sa_flags=0x10000004
SIGPIPE: [libjvm.so+0x588300], sa_mask[0]=0x7ffbfeff, sa_flags=0x10000004
SIGXFSZ: [libjvm.so+0x588300], sa_mask[0]=0x7ffbfeff, sa_flags=0x10000004
SIGILL: [libjvm.so+0x588300], sa_mask[0]=0x7ffbfeff, sa_flags=0x10000004
SIGUSR1: SIG_DFL, sa_mask[0]=0x00000000, sa_flags=0x00000000
SIGUSR2: [libjvm.so+0x588190], sa_mask[0]=0x00000000, sa_flags=0x10000004
SIGHUP: [libjvm.so+0x588750], sa_mask[0]=0x7ffbfeff, sa_flags=0x10000004
SIGINT: [libjvm.so+0x588750], sa_mask[0]=0x7ffbfeff, sa_flags=0x10000004
SIGTERM: [libjvm.so+0x588750], sa_mask[0]=0x7ffbfeff, sa_flags=0x10000004
SIGQUIT: [libjvm.so+0x588750], sa_mask[0]=0x7ffbfeff, sa_flags=0x10000004


---------------  S Y S T E M  ---------------

OS:Fedora release 16 (Verne)

uname:Linux 3.1.0-7.fc16.i686 #1 SMP Tue Nov 1 21:00:16 UTC 2011 i686
libc:glibc 2.14.90 NPTL 2.14.90 
rlimit: STACK 8192k, CORE 0k, NPROC 1024, NOFILE 4096, AS infinity
load average:1.10 0.62 0.39

/proc/meminfo:
MemTotal:        2063300 kB
MemFree:          153600 kB
Buffers:           68252 kB
Cached:          1107196 kB
SwapCached:         1088 kB
Active:           981264 kB
Inactive:         784848 kB
Active(anon):     575636 kB
Inactive(anon):    78680 kB
Active(file):     405628 kB
Inactive(file):   706168 kB
Unevictable:       39900 kB
Mlocked:               0 kB
HighTotal:       1191880 kB
HighFree:          15136 kB
LowTotal:         871420 kB
LowFree:          138464 kB
SwapTotal:       4128764 kB
SwapFree:        4109588 kB
Dirty:                68 kB
Writeback:             0 kB
AnonPages:        629568 kB
Mapped:            58020 kB
Shmem:             23708 kB
Slab:              89348 kB
SReclaimable:      67796 kB
SUnreclaim:        21552 kB
KernelStack:        1928 kB
PageTables:         4556 kB
NFS_Unstable:          0 kB
Bounce:                0 kB
WritebackTmp:          0 kB
CommitLimit:     5160412 kB
Committed_AS:    1104192 kB
VmallocTotal:     122880 kB
VmallocUsed:        7168 kB
VmallocChunk:     107076 kB
HardwareCorrupted:     0 kB
AnonHugePages:    409600 kB
HugePages_Total:       0
HugePages_Free:        0
HugePages_Rsvd:        0
HugePages_Surp:        0
Hugepagesize:       4096 kB
DirectMap4k:       16376 kB
DirectMap4M:      888832 kB


CPU:total 2 (2 cores per cpu, 1 threads per core) family 6 model 23 stepping 10, cmov, cx8, fxsr, mmx, sse, sse2, sse3, ssse3

Memory: 4k page, physical 2063300k(153600k free), swap 4128764k(4109588k free)

vm_info: OpenJDK Server VM (21.0-b17) for linux-x86 JRE (1.7.0_b147-icedtea-mockbuild_2011_11_15_23_47-b00), built on Nov 15 2011 23:53:38 by "mockbuild" with gcc 4.6.2 20111027 (Red Hat 4.6.2-1)

time: Sat Dec  3 18:19:22 2011
elapsed time: 72 seconds

